{
  "/home/tomas/workspace/my-cookery-book-2-frontend/src/utils/apiWrapper.ts": {
    "path": "/home/tomas/workspace/my-cookery-book-2-frontend/src/utils/apiWrapper.ts",
    "statementMap": {
      "0": {
        "start": {
          "line": 13,
          "column": 15
        },
        "end": {
          "line": 16,
          "column": 2
        }
      },
      "1": {
        "start": {
          "line": 14,
          "column": 23
        },
        "end": {
          "line": 14,
          "column": 43
        }
      },
      "2": {
        "start": {
          "line": 17,
          "column": 16
        },
        "end": {
          "line": 17,
          "column": 35
        }
      },
      "3": {
        "start": {
          "line": 18,
          "column": 20
        },
        "end": {
          "line": 18,
          "column": 43
        }
      },
      "4": {
        "start": {
          "line": 19,
          "column": 19
        },
        "end": {
          "line": 19,
          "column": 41
        }
      },
      "5": {
        "start": {
          "line": 20,
          "column": 18
        },
        "end": {
          "line": 20,
          "column": 39
        }
      },
      "6": {
        "start": {
          "line": 21,
          "column": 15
        },
        "end": {
          "line": 21,
          "column": 33
        }
      },
      "7": {
        "start": {
          "line": 22,
          "column": 16
        },
        "end": {
          "line": 22,
          "column": 35
        }
      },
      "8": {
        "start": {
          "line": 23,
          "column": 24
        },
        "end": {
          "line": 23,
          "column": 51
        }
      },
      "9": {
        "start": {
          "line": 24,
          "column": 16
        },
        "end": {
          "line": 24,
          "column": 35
        }
      },
      "10": {
        "start": {
          "line": 25,
          "column": 18
        },
        "end": {
          "line": 25,
          "column": 39
        }
      }
    },
    "fnMap": {
      "0": {
        "name": "(anonymous_0)",
        "decl": {
          "start": {
            "line": 14,
            "column": 17
          },
          "end": {
            "line": 14,
            "column": 18
          }
        },
        "loc": {
          "start": {
            "line": 14,
            "column": 23
          },
          "end": {
            "line": 14,
            "column": 43
          }
        },
        "line": 14
      }
    },
    "branchMap": {
      "0": {
        "loc": {
          "start": {
            "line": 14,
            "column": 23
          },
          "end": {
            "line": 14,
            "column": 43
          }
        },
        "type": "binary-expr",
        "locations": [
          {
            "start": {
              "line": 14,
              "column": 23
            },
            "end": {
              "line": 14,
              "column": 35
            }
          },
          {
            "start": {
              "line": 14,
              "column": 39
            },
            "end": {
              "line": 14,
              "column": 43
            }
          }
        ],
        "line": 14
      },
      "1": {
        "loc": {
          "start": {
            "line": 15,
            "column": 12
          },
          "end": {
            "line": 15,
            "column": 36
          }
        },
        "type": "binary-expr",
        "locations": [
          {
            "start": {
              "line": 15,
              "column": 12
            },
            "end": {
              "line": 15,
              "column": 26
            }
          },
          {
            "start": {
              "line": 15,
              "column": 30
            },
            "end": {
              "line": 15,
              "column": 36
            }
          }
        ],
        "line": 15
      }
    },
    "s": {
      "0": 6,
      "1": 0,
      "2": 6,
      "3": 6,
      "4": 6,
      "5": 6,
      "6": 6,
      "7": 6,
      "8": 6,
      "9": 6,
      "10": 6
    },
    "f": {
      "0": 0
    },
    "b": {
      "0": [
        0,
        0
      ],
      "1": [
        6,
        6
      ]
    },
    "inputSourceMap": {
      "version": 3,
      "sources": [
        "/home/tomas/workspace/my-cookery-book-2-frontend/src/utils/apiWrapper.ts"
      ],
      "mappings": "AAAA;AAAA,EACI;AAAA,EACA;AAAA,EACA;AAAA,EACA;AAAA,EACA;AAAA,EACA;AAAA,EACA;AAAA,EACA;AAAA,EACA;AAAA,EACA;AAAA,OACG;AAKP,MAAM,SAAS,IAAI,cAAc;AAAA,EAC7B,eAAe,MAAM,OAAO,SAAS;AAAA,EACrC,UAAU,IAAI,cAAc;AAChC,CAAC;AAED,MAAM,UAAU,IAAI,QAAQ,MAAM;AAClC,MAAM,cAAc,IAAI,YAAY,MAAM;AAC1C,MAAM,aAAa,IAAI,WAAW,MAAM;AACxC,MAAM,YAAY,IAAI,UAAU,MAAM;AACtC,MAAM,SAAS,IAAI,OAAO,MAAM;AAChC,MAAM,UAAU,IAAI,QAAQ,MAAM;AAClC,MAAM,kBAAkB,IAAI,gBAAgB,MAAM;AAClD,MAAM,UAAU,IAAI,QAAQ,MAAM;AAClC,MAAM,YAAY,IAAI,UAAU,MAAM;AAEtC,SAAS,SAAS,aAAa,YAAY,WAAW,QAAQ,SAAS,iBAAiB,SAAS;",
      "names": []
    },
    "_coverageSchema": "1a1c01bbd47fc00a2c39e90264f33305004495a9",
    "hash": "1685199d294bed2cff0ff43567d0b315d37aa353"
  },
  "/home/tomas/workspace/my-cookery-book-2-frontend/src/store/auth-context.tsx": {
    "path": "/home/tomas/workspace/my-cookery-book-2-frontend/src/store/auth-context.tsx",
    "statementMap": {
      "0": {
        "start": {
          "line": 2,
          "column": 27
        },
        "end": {
          "line": 13,
          "column": 2
        }
      }
    },
    "fnMap": {
      "0": {
        "name": "(anonymous_0)",
        "decl": {
          "start": {
            "line": 6,
            "column": 9
          },
          "end": {
            "line": 6,
            "column": 10
          }
        },
        "loc": {
          "start": {
            "line": 6,
            "column": 15
          },
          "end": {
            "line": 7,
            "column": 3
          }
        },
        "line": 6
      },
      "1": {
        "name": "(anonymous_1)",
        "decl": {
          "start": {
            "line": 8,
            "column": 10
          },
          "end": {
            "line": 8,
            "column": 11
          }
        },
        "loc": {
          "start": {
            "line": 8,
            "column": 16
          },
          "end": {
            "line": 9,
            "column": 3
          }
        },
        "line": 8
      },
      "2": {
        "name": "(anonymous_2)",
        "decl": {
          "start": {
            "line": 10,
            "column": 23
          },
          "end": {
            "line": 10,
            "column": 24
          }
        },
        "loc": {
          "start": {
            "line": 10,
            "column": 29
          },
          "end": {
            "line": 11,
            "column": 3
          }
        },
        "line": 10
      }
    },
    "branchMap": {},
    "s": {
      "0": 6
    },
    "f": {
      "0": 0,
      "1": 0,
      "2": 0
    },
    "b": {},
    "inputSourceMap": {
      "version": 3,
      "mappings": "AAAA,OAAOA,WAAW;AAGX,aAAMC,cAAcD,MAAME,cAA8B;AAAA,EAC3DC,QAAQ;AAAA,EACRC,WAAW;AAAA,EACXC,YAAY;AAAA,EACZC,OAAOA,MAAM;AAAA,EAAC;AAAA,EACdC,QAAQA,MAAM;AAAA,EAAC;AAAA,EACfC,qBAAqBA,MAAM;AAAA,EAAC;AAAA,EAC5BC,kBAAkB;AACtB,CAAC",
      "names": [
        "React",
        "AuthContext",
        "createContext",
        "userId",
        "userRoles",
        "isLoggedIn",
        "login",
        "logout",
        "setHasCookieConsent",
        "hasCookieConsent"
      ],
      "ignoreList": [],
      "sources": [
        "/home/tomas/workspace/my-cookery-book-2-frontend/src/store/auth-context.tsx"
      ],
      "file": "/home/tomas/workspace/my-cookery-book-2-frontend/src/store/auth-context.tsx"
    },
    "_coverageSchema": "1a1c01bbd47fc00a2c39e90264f33305004495a9",
    "hash": "05a0fe66e02dd6879f225cdc5515a9d3f2c54e24"
  },
  "/home/tomas/workspace/my-cookery-book-2-frontend/src/store/bookmark-context.tsx": {
    "path": "/home/tomas/workspace/my-cookery-book-2-frontend/src/store/bookmark-context.tsx",
    "statementMap": {
      "0": {
        "start": {
          "line": 2,
          "column": 31
        },
        "end": {
          "line": 2,
          "column": 56
        }
      }
    },
    "fnMap": {},
    "branchMap": {},
    "s": {
      "0": 6
    },
    "f": {},
    "b": {},
    "inputSourceMap": {
      "version": 3,
      "mappings": "AAAA,OAAOA,WAAW;AAGX,aAAMC,kBAAkBD,MAAME,cAAyC,IAAI",
      "names": [
        "React",
        "BookmarkContext",
        "createContext"
      ],
      "ignoreList": [],
      "sources": [
        "/home/tomas/workspace/my-cookery-book-2-frontend/src/store/bookmark-context.tsx"
      ],
      "file": "/home/tomas/workspace/my-cookery-book-2-frontend/src/store/bookmark-context.tsx"
    },
    "_coverageSchema": "1a1c01bbd47fc00a2c39e90264f33305004495a9",
    "hash": "2f9c707954e4a768183364a8a46a95048edbb50b"
  },
  "/home/tomas/workspace/my-cookery-book-2-frontend/src/store/bookmark-context-provider.tsx": {
    "path": "/home/tomas/workspace/my-cookery-book-2-frontend/src/store/bookmark-context-provider.tsx",
    "statementMap": {
      "0": {
        "start": {
          "line": 3,
          "column": 20
        },
        "end": {
          "line": 3,
          "column": 97
        }
      },
      "1": {
        "start": {
          "line": 6,
          "column": 0
        },
        "end": {
          "line": 16,
          "column": 1
        }
      },
      "2": {
        "start": {
          "line": 7,
          "column": 2
        },
        "end": {
          "line": 9,
          "column": 3
        }
      },
      "3": {
        "start": {
          "line": 8,
          "column": 4
        },
        "end": {
          "line": 8,
          "column": 165
        }
      },
      "4": {
        "start": {
          "line": 10,
          "column": 2
        },
        "end": {
          "line": 10,
          "column": 39
        }
      },
      "5": {
        "start": {
          "line": 11,
          "column": 2
        },
        "end": {
          "line": 11,
          "column": 39
        }
      },
      "6": {
        "start": {
          "line": 12,
          "column": 2
        },
        "end": {
          "line": 14,
          "column": 4
        }
      },
      "7": {
        "start": {
          "line": 13,
          "column": 4
        },
        "end": {
          "line": 13,
          "column": 132
        }
      },
      "8": {
        "start": {
          "line": 15,
          "column": 2
        },
        "end": {
          "line": 15,
          "column": 75
        }
      },
      "9": {
        "start": {
          "line": 17,
          "column": 9
        },
        "end": {
          "line": 17,
          "column": 23
        }
      },
      "10": {
        "start": {
          "line": 17,
          "column": 31
        },
        "end": {
          "line": 17,
          "column": 45
        }
      },
      "11": {
        "start": {
          "line": 28,
          "column": 22
        },
        "end": {
          "line": 28,
          "column": 33
        }
      },
      "12": {
        "start": {
          "line": 29,
          "column": 29
        },
        "end": {
          "line": 61,
          "column": 1
        }
      },
      "13": {
        "start": {
          "line": 30,
          "column": 2
        },
        "end": {
          "line": 60,
          "column": 4
        }
      },
      "14": {
        "start": {
          "line": 62,
          "column": 0
        },
        "end": {
          "line": 62,
          "column": 26
        }
      },
      "15": {
        "start": {
          "line": 63,
          "column": 17
        },
        "end": {
          "line": 130,
          "column": 1
        }
      },
      "16": {
        "start": {
          "line": 64,
          "column": 2
        },
        "end": {
          "line": 64,
          "column": 7
        }
      },
      "17": {
        "start": {
          "line": 65,
          "column": 16
        },
        "end": {
          "line": 65,
          "column": 45
        }
      },
      "18": {
        "start": {
          "line": 66,
          "column": 19
        },
        "end": {
          "line": 66,
          "column": 32
        }
      },
      "19": {
        "start": {
          "line": 67,
          "column": 24
        },
        "end": {
          "line": 67,
          "column": 40
        }
      },
      "20": {
        "start": {
          "line": 68,
          "column": 21
        },
        "end": {
          "line": 68,
          "column": 68
        }
      },
      "21": {
        "start": {
          "line": 69,
          "column": 55
        },
        "end": {
          "line": 72,
          "column": 4
        }
      },
      "22": {
        "start": {
          "line": 71,
          "column": 31
        },
        "end": {
          "line": 71,
          "column": 63
        }
      },
      "23": {
        "start": {
          "line": 73,
          "column": 20
        },
        "end": {
          "line": 73,
          "column": 43
        }
      },
      "24": {
        "start": {
          "line": 74,
          "column": 16
        },
        "end": {
          "line": 74,
          "column": 28
        }
      },
      "25": {
        "start": {
          "line": 75,
          "column": 61
        },
        "end": {
          "line": 79,
          "column": 4
        }
      },
      "26": {
        "start": {
          "line": 77,
          "column": 37
        },
        "end": {
          "line": 77,
          "column": 80
        }
      },
      "27": {
        "start": {
          "line": 80,
          "column": 2
        },
        "end": {
          "line": 90,
          "column": 55
        }
      },
      "28": {
        "start": {
          "line": 81,
          "column": 4
        },
        "end": {
          "line": 89,
          "column": 5
        }
      },
      "29": {
        "start": {
          "line": 82,
          "column": 6
        },
        "end": {
          "line": 88,
          "column": 7
        }
      },
      "30": {
        "start": {
          "line": 83,
          "column": 21
        },
        "end": {
          "line": 83,
          "column": 51
        }
      },
      "31": {
        "start": {
          "line": 84,
          "column": 8
        },
        "end": {
          "line": 84,
          "column": 21
        }
      },
      "32": {
        "start": {
          "line": 85,
          "column": 8
        },
        "end": {
          "line": 85,
          "column": 47
        }
      },
      "33": {
        "start": {
          "line": 85,
          "column": 21
        },
        "end": {
          "line": 85,
          "column": 46
        }
      },
      "34": {
        "start": {
          "line": 87,
          "column": 8
        },
        "end": {
          "line": 87,
          "column": 21
        }
      },
      "35": {
        "start": {
          "line": 91,
          "column": 25
        },
        "end": {
          "line": 93,
          "column": 26
        }
      },
      "36": {
        "start": {
          "line": 92,
          "column": 4
        },
        "end": {
          "line": 92,
          "column": 36
        }
      },
      "37": {
        "start": {
          "line": 94,
          "column": 2
        },
        "end": {
          "line": 96,
          "column": 3
        }
      },
      "38": {
        "start": {
          "line": 95,
          "column": 4
        },
        "end": {
          "line": 95,
          "column": 16
        }
      },
      "39": {
        "start": {
          "line": 97,
          "column": 2
        },
        "end": {
          "line": 129,
          "column": 4
        }
      },
      "40": {
        "start": {
          "line": 131,
          "column": 0
        },
        "end": {
          "line": 133,
          "column": 3
        }
      },
      "41": {
        "start": {
          "line": 132,
          "column": 2
        },
        "end": {
          "line": 132,
          "column": 53
        }
      },
      "42": {
        "start": {
          "line": 134,
          "column": 0
        },
        "end": {
          "line": 134,
          "column": 15
        }
      },
      "43": {
        "start": {
          "line": 135,
          "column": 27
        },
        "end": {
          "line": 144,
          "column": 1
        }
      },
      "44": {
        "start": {
          "line": 136,
          "column": 26
        },
        "end": {
          "line": 136,
          "column": 61
        }
      },
      "45": {
        "start": {
          "line": 137,
          "column": 2
        },
        "end": {
          "line": 142,
          "column": 3
        }
      },
      "46": {
        "start": {
          "line": 138,
          "column": 30
        },
        "end": {
          "line": 138,
          "column": 56
        }
      },
      "47": {
        "start": {
          "line": 139,
          "column": 22
        },
        "end": {
          "line": 139,
          "column": 56
        }
      },
      "48": {
        "start": {
          "line": 139,
          "column": 52
        },
        "end": {
          "line": 139,
          "column": 55
        }
      },
      "49": {
        "start": {
          "line": 140,
          "column": 23
        },
        "end": {
          "line": 140,
          "column": 59
        }
      },
      "50": {
        "start": {
          "line": 140,
          "column": 48
        },
        "end": {
          "line": 140,
          "column": 58
        }
      },
      "51": {
        "start": {
          "line": 141,
          "column": 4
        },
        "end": {
          "line": 141,
          "column": 22
        }
      },
      "52": {
        "start": {
          "line": 143,
          "column": 2
        },
        "end": {
          "line": 143,
          "column": 12
        }
      },
      "53": {
        "start": {
          "line": 145,
          "column": 27
        },
        "end": {
          "line": 151,
          "column": 1
        }
      },
      "54": {
        "start": {
          "line": 146,
          "column": 2
        },
        "end": {
          "line": 150,
          "column": 3
        }
      },
      "55": {
        "start": {
          "line": 147,
          "column": 4
        },
        "end": {
          "line": 147,
          "column": 43
        }
      },
      "56": {
        "start": {
          "line": 148,
          "column": 9
        },
        "end": {
          "line": 150,
          "column": 3
        }
      },
      "57": {
        "start": {
          "line": 149,
          "column": 4
        },
        "end": {
          "line": 149,
          "column": 61
        }
      },
      "58": {
        "start": {
          "line": 152,
          "column": 39
        },
        "end": {
          "line": 247,
          "column": 1
        }
      },
      "59": {
        "start": {
          "line": 153,
          "column": 2
        },
        "end": {
          "line": 153,
          "column": 8
        }
      },
      "60": {
        "start": {
          "line": 154,
          "column": 39
        },
        "end": {
          "line": 154,
          "column": 62
        }
      },
      "61": {
        "start": {
          "line": 155,
          "column": 36
        },
        "end": {
          "line": 155,
          "column": 64
        }
      },
      "62": {
        "start": {
          "line": 156,
          "column": 20
        },
        "end": {
          "line": 156,
          "column": 49
        }
      },
      "63": {
        "start": {
          "line": 157,
          "column": 19
        },
        "end": {
          "line": 157,
          "column": 39
        }
      },
      "64": {
        "start": {
          "line": 158,
          "column": 24
        },
        "end": {
          "line": 158,
          "column": 71
        }
      },
      "65": {
        "start": {
          "line": 159,
          "column": 20
        },
        "end": {
          "line": 167,
          "column": 8
        }
      },
      "66": {
        "start": {
          "line": 160,
          "column": 4
        },
        "end": {
          "line": 166,
          "column": 7
        }
      },
      "67": {
        "start": {
          "line": 161,
          "column": 23
        },
        "end": {
          "line": 161,
          "column": 57
        }
      },
      "68": {
        "start": {
          "line": 161,
          "column": 41
        },
        "end": {
          "line": 161,
          "column": 56
        }
      },
      "69": {
        "start": {
          "line": 162,
          "column": 6
        },
        "end": {
          "line": 164,
          "column": 7
        }
      },
      "70": {
        "start": {
          "line": 163,
          "column": 8
        },
        "end": {
          "line": 163,
          "column": 20
        }
      },
      "71": {
        "start": {
          "line": 165,
          "column": 6
        },
        "end": {
          "line": 165,
          "column": 33
        }
      },
      "72": {
        "start": {
          "line": 168,
          "column": 23
        },
        "end": {
          "line": 172,
          "column": 8
        }
      },
      "73": {
        "start": {
          "line": 169,
          "column": 4
        },
        "end": {
          "line": 171,
          "column": 7
        }
      },
      "74": {
        "start": {
          "line": 170,
          "column": 6
        },
        "end": {
          "line": 170,
          "column": 50
        }
      },
      "75": {
        "start": {
          "line": 170,
          "column": 33
        },
        "end": {
          "line": 170,
          "column": 48
        }
      },
      "76": {
        "start": {
          "line": 173,
          "column": 19
        },
        "end": {
          "line": 178,
          "column": 3
        }
      },
      "77": {
        "start": {
          "line": 175,
          "column": 6
        },
        "end": {
          "line": 175,
          "column": 42
        }
      },
      "78": {
        "start": {
          "line": 179,
          "column": 16
        },
        "end": {
          "line": 181,
          "column": 8
        }
      },
      "79": {
        "start": {
          "line": 180,
          "column": 4
        },
        "end": {
          "line": 180,
          "column": 21
        }
      },
      "80": {
        "start": {
          "line": 182,
          "column": 23
        },
        "end": {
          "line": 190,
          "column": 3
        }
      },
      "81": {
        "start": {
          "line": 183,
          "column": 11
        },
        "end": {
          "line": 188,
          "column": 5
        }
      },
      "82": {
        "start": {
          "line": 191,
          "column": 2
        },
        "end": {
          "line": 193,
          "column": 44
        }
      },
      "83": {
        "start": {
          "line": 192,
          "column": 4
        },
        "end": {
          "line": 192,
          "column": 52
        }
      },
      "84": {
        "start": {
          "line": 194,
          "column": 2
        },
        "end": {
          "line": 246,
          "column": 11
        }
      },
      "85": {
        "start": {
          "line": 216,
          "column": 12
        },
        "end": {
          "line": 229,
          "column": 14
        }
      },
      "86": {
        "start": {
          "line": 248,
          "column": 0
        },
        "end": {
          "line": 250,
          "column": 3
        }
      },
      "87": {
        "start": {
          "line": 249,
          "column": 2
        },
        "end": {
          "line": 249,
          "column": 30
        }
      },
      "88": {
        "start": {
          "line": 251,
          "column": 0
        },
        "end": {
          "line": 251,
          "column": 30
        }
      },
      "89": {
        "start": {
          "line": 253,
          "column": 0
        },
        "end": {
          "line": 253,
          "column": 41
        }
      },
      "90": {
        "start": {
          "line": 254,
          "column": 0
        },
        "end": {
          "line": 254,
          "column": 30
        }
      },
      "91": {
        "start": {
          "line": 255,
          "column": 0
        },
        "end": {
          "line": 255,
          "column": 45
        }
      },
      "92": {
        "start": {
          "line": 256,
          "column": 0
        },
        "end": {
          "line": 259,
          "column": 1
        }
      },
      "93": {
        "start": {
          "line": 257,
          "column": 2
        },
        "end": {
          "line": 257,
          "column": 39
        }
      },
      "94": {
        "start": {
          "line": 258,
          "column": 2
        },
        "end": {
          "line": 258,
          "column": 39
        }
      },
      "95": {
        "start": {
          "line": 260,
          "column": 0
        },
        "end": {
          "line": 269,
          "column": 1
        }
      },
      "96": {
        "start": {
          "line": 261,
          "column": 2
        },
        "end": {
          "line": 268,
          "column": 5
        }
      },
      "97": {
        "start": {
          "line": 262,
          "column": 4
        },
        "end": {
          "line": 262,
          "column": 158
        }
      },
      "98": {
        "start": {
          "line": 263,
          "column": 4
        },
        "end": {
          "line": 267,
          "column": 7
        }
      },
      "99": {
        "start": {
          "line": 264,
          "column": 6
        },
        "end": {
          "line": 264,
          "column": 31
        }
      },
      "100": {
        "start": {
          "line": 264,
          "column": 24
        },
        "end": {
          "line": 264,
          "column": 31
        }
      },
      "101": {
        "start": {
          "line": 265,
          "column": 32
        },
        "end": {
          "line": 265,
          "column": 207
        }
      },
      "102": {
        "start": {
          "line": 266,
          "column": 6
        },
        "end": {
          "line": 266,
          "column": 75
        }
      },
      "103": {
        "start": {
          "line": 266,
          "column": 29
        },
        "end": {
          "line": 266,
          "column": 75
        }
      }
    },
    "fnMap": {
      "0": {
        "name": "(anonymous_0)",
        "decl": {
          "start": {
            "line": 12,
            "column": 24
          },
          "end": {
            "line": 12,
            "column": 25
          }
        },
        "loc": {
          "start": {
            "line": 12,
            "column": 38
          },
          "end": {
            "line": 14,
            "column": 3
          }
        },
        "line": 12
      },
      "1": {
        "name": "(anonymous_1)",
        "decl": {
          "start": {
            "line": 29,
            "column": 29
          },
          "end": {
            "line": 29,
            "column": 30
          }
        },
        "loc": {
          "start": {
            "line": 29,
            "column": 44
          },
          "end": {
            "line": 61,
            "column": 1
          }
        },
        "line": 29
      },
      "2": {
        "name": "(anonymous_2)",
        "decl": {
          "start": {
            "line": 63,
            "column": 17
          },
          "end": {
            "line": 63,
            "column": 18
          }
        },
        "loc": {
          "start": {
            "line": 63,
            "column": 35
          },
          "end": {
            "line": 130,
            "column": 1
          }
        },
        "line": 63
      },
      "3": {
        "name": "(anonymous_3)",
        "decl": {
          "start": {
            "line": 71,
            "column": 13
          },
          "end": {
            "line": 71,
            "column": 14
          }
        },
        "loc": {
          "start": {
            "line": 71,
            "column": 31
          },
          "end": {
            "line": 71,
            "column": 63
          }
        },
        "line": 71
      },
      "4": {
        "name": "(anonymous_4)",
        "decl": {
          "start": {
            "line": 77,
            "column": 13
          },
          "end": {
            "line": 77,
            "column": 14
          }
        },
        "loc": {
          "start": {
            "line": 77,
            "column": 37
          },
          "end": {
            "line": 77,
            "column": 80
          }
        },
        "line": 77
      },
      "5": {
        "name": "(anonymous_5)",
        "decl": {
          "start": {
            "line": 80,
            "column": 12
          },
          "end": {
            "line": 80,
            "column": 13
          }
        },
        "loc": {
          "start": {
            "line": 80,
            "column": 18
          },
          "end": {
            "line": 90,
            "column": 3
          }
        },
        "line": 80
      },
      "6": {
        "name": "(anonymous_6)",
        "decl": {
          "start": {
            "line": 85,
            "column": 15
          },
          "end": {
            "line": 85,
            "column": 16
          }
        },
        "loc": {
          "start": {
            "line": 85,
            "column": 21
          },
          "end": {
            "line": 85,
            "column": 46
          }
        },
        "line": 85
      },
      "7": {
        "name": "(anonymous_7)",
        "decl": {
          "start": {
            "line": 91,
            "column": 37
          },
          "end": {
            "line": 91,
            "column": 38
          }
        },
        "loc": {
          "start": {
            "line": 91,
            "column": 43
          },
          "end": {
            "line": 93,
            "column": 3
          }
        },
        "line": 91
      },
      "8": {
        "name": "(anonymous_8)",
        "decl": {
          "start": {
            "line": 131,
            "column": 52
          },
          "end": {
            "line": 131,
            "column": 53
          }
        },
        "loc": {
          "start": {
            "line": 131,
            "column": 63
          },
          "end": {
            "line": 133,
            "column": 1
          }
        },
        "line": 131
      },
      "9": {
        "name": "(anonymous_9)",
        "decl": {
          "start": {
            "line": 135,
            "column": 27
          },
          "end": {
            "line": 135,
            "column": 28
          }
        },
        "loc": {
          "start": {
            "line": 135,
            "column": 33
          },
          "end": {
            "line": 144,
            "column": 1
          }
        },
        "line": 135
      },
      "10": {
        "name": "(anonymous_10)",
        "decl": {
          "start": {
            "line": 139,
            "column": 44
          },
          "end": {
            "line": 139,
            "column": 45
          }
        },
        "loc": {
          "start": {
            "line": 139,
            "column": 52
          },
          "end": {
            "line": 139,
            "column": 55
          }
        },
        "line": 139
      },
      "11": {
        "name": "(anonymous_11)",
        "decl": {
          "start": {
            "line": 140,
            "column": 40
          },
          "end": {
            "line": 140,
            "column": 41
          }
        },
        "loc": {
          "start": {
            "line": 140,
            "column": 48
          },
          "end": {
            "line": 140,
            "column": 58
          }
        },
        "line": 140
      },
      "12": {
        "name": "(anonymous_12)",
        "decl": {
          "start": {
            "line": 145,
            "column": 27
          },
          "end": {
            "line": 145,
            "column": 28
          }
        },
        "loc": {
          "start": {
            "line": 145,
            "column": 60
          },
          "end": {
            "line": 151,
            "column": 1
          }
        },
        "line": 145
      },
      "13": {
        "name": "(anonymous_13)",
        "decl": {
          "start": {
            "line": 152,
            "column": 39
          },
          "end": {
            "line": 152,
            "column": 40
          }
        },
        "loc": {
          "start": {
            "line": 152,
            "column": 57
          },
          "end": {
            "line": 247,
            "column": 1
          }
        },
        "line": 152
      },
      "14": {
        "name": "(anonymous_14)",
        "decl": {
          "start": {
            "line": 159,
            "column": 32
          },
          "end": {
            "line": 159,
            "column": 33
          }
        },
        "loc": {
          "start": {
            "line": 159,
            "column": 46
          },
          "end": {
            "line": 167,
            "column": 3
          }
        },
        "line": 159
      },
      "15": {
        "name": "(anonymous_15)",
        "decl": {
          "start": {
            "line": 160,
            "column": 17
          },
          "end": {
            "line": 160,
            "column": 18
          }
        },
        "loc": {
          "start": {
            "line": 160,
            "column": 27
          },
          "end": {
            "line": 166,
            "column": 5
          }
        },
        "line": 160
      },
      "16": {
        "name": "(anonymous_16)",
        "decl": {
          "start": {
            "line": 161,
            "column": 33
          },
          "end": {
            "line": 161,
            "column": 34
          }
        },
        "loc": {
          "start": {
            "line": 161,
            "column": 41
          },
          "end": {
            "line": 161,
            "column": 56
          }
        },
        "line": 161
      },
      "17": {
        "name": "(anonymous_17)",
        "decl": {
          "start": {
            "line": 168,
            "column": 35
          },
          "end": {
            "line": 168,
            "column": 36
          }
        },
        "loc": {
          "start": {
            "line": 168,
            "column": 49
          },
          "end": {
            "line": 172,
            "column": 3
          }
        },
        "line": 168
      },
      "18": {
        "name": "(anonymous_18)",
        "decl": {
          "start": {
            "line": 169,
            "column": 17
          },
          "end": {
            "line": 169,
            "column": 18
          }
        },
        "loc": {
          "start": {
            "line": 169,
            "column": 27
          },
          "end": {
            "line": 171,
            "column": 5
          }
        },
        "line": 169
      },
      "19": {
        "name": "(anonymous_19)",
        "decl": {
          "start": {
            "line": 170,
            "column": 25
          },
          "end": {
            "line": 170,
            "column": 26
          }
        },
        "loc": {
          "start": {
            "line": 170,
            "column": 33
          },
          "end": {
            "line": 170,
            "column": 48
          }
        },
        "line": 170
      },
      "20": {
        "name": "(anonymous_20)",
        "decl": {
          "start": {
            "line": 174,
            "column": 4
          },
          "end": {
            "line": 174,
            "column": 5
          }
        },
        "loc": {
          "start": {
            "line": 174,
            "column": 18
          },
          "end": {
            "line": 176,
            "column": 5
          }
        },
        "line": 174
      },
      "21": {
        "name": "(anonymous_21)",
        "decl": {
          "start": {
            "line": 179,
            "column": 28
          },
          "end": {
            "line": 179,
            "column": 29
          }
        },
        "loc": {
          "start": {
            "line": 179,
            "column": 34
          },
          "end": {
            "line": 181,
            "column": 3
          }
        },
        "line": 179
      },
      "22": {
        "name": "(anonymous_22)",
        "decl": {
          "start": {
            "line": 183,
            "column": 4
          },
          "end": {
            "line": 183,
            "column": 5
          }
        },
        "loc": {
          "start": {
            "line": 183,
            "column": 11
          },
          "end": {
            "line": 188,
            "column": 5
          }
        },
        "line": 183
      },
      "23": {
        "name": "(anonymous_23)",
        "decl": {
          "start": {
            "line": 191,
            "column": 12
          },
          "end": {
            "line": 191,
            "column": 13
          }
        },
        "loc": {
          "start": {
            "line": 191,
            "column": 18
          },
          "end": {
            "line": 193,
            "column": 3
          }
        },
        "line": 191
      },
      "24": {
        "name": "(anonymous_24)",
        "decl": {
          "start": {
            "line": 215,
            "column": 24
          },
          "end": {
            "line": 215,
            "column": 25
          }
        },
        "loc": {
          "start": {
            "line": 215,
            "column": 38
          },
          "end": {
            "line": 230,
            "column": 11
          }
        },
        "line": 215
      },
      "25": {
        "name": "(anonymous_25)",
        "decl": {
          "start": {
            "line": 248,
            "column": 68
          },
          "end": {
            "line": 248,
            "column": 69
          }
        },
        "loc": {
          "start": {
            "line": 248,
            "column": 79
          },
          "end": {
            "line": 250,
            "column": 1
          }
        },
        "line": 248
      },
      "26": {
        "name": "(anonymous_26)",
        "decl": {
          "start": {
            "line": 261,
            "column": 52
          },
          "end": {
            "line": 261,
            "column": 53
          }
        },
        "loc": {
          "start": {
            "line": 261,
            "column": 72
          },
          "end": {
            "line": 268,
            "column": 3
          }
        },
        "line": 261
      },
      "27": {
        "name": "(anonymous_27)",
        "decl": {
          "start": {
            "line": 263,
            "column": 27
          },
          "end": {
            "line": 263,
            "column": 28
          }
        },
        "loc": {
          "start": {
            "line": 263,
            "column": 44
          },
          "end": {
            "line": 267,
            "column": 5
          }
        },
        "line": 263
      }
    },
    "branchMap": {
      "0": {
        "loc": {
          "start": {
            "line": 3,
            "column": 20
          },
          "end": {
            "line": 3,
            "column": 97
          }
        },
        "type": "binary-expr",
        "locations": [
          {
            "start": {
              "line": 3,
              "column": 20
            },
            "end": {
              "line": 3,
              "column": 60
            }
          },
          {
            "start": {
              "line": 3,
              "column": 64
            },
            "end": {
              "line": 3,
              "column": 97
            }
          }
        ],
        "line": 3
      },
      "1": {
        "loc": {
          "start": {
            "line": 6,
            "column": 0
          },
          "end": {
            "line": 16,
            "column": 1
          }
        },
        "type": "if",
        "locations": [
          {
            "start": {
              "line": 6,
              "column": 0
            },
            "end": {
              "line": 16,
              "column": 1
            }
          },
          {
            "start": {},
            "end": {}
          }
        ],
        "line": 6
      },
      "2": {
        "loc": {
          "start": {
            "line": 6,
            "column": 4
          },
          "end": {
            "line": 6,
            "column": 35
          }
        },
        "type": "binary-expr",
        "locations": [
          {
            "start": {
              "line": 6,
              "column": 4
            },
            "end": {
              "line": 6,
              "column": 19
            }
          },
          {
            "start": {
              "line": 6,
              "column": 23
            },
            "end": {
              "line": 6,
              "column": 35
            }
          }
        ],
        "line": 6
      },
      "3": {
        "loc": {
          "start": {
            "line": 7,
            "column": 2
          },
          "end": {
            "line": 9,
            "column": 3
          }
        },
        "type": "if",
        "locations": [
          {
            "start": {
              "line": 7,
              "column": 2
            },
            "end": {
              "line": 9,
              "column": 3
            }
          },
          {
            "start": {},
            "end": {}
          }
        ],
        "line": 7
      },
      "4": {
        "loc": {
          "start": {
            "line": 81,
            "column": 4
          },
          "end": {
            "line": 89,
            "column": 5
          }
        },
        "type": "if",
        "locations": [
          {
            "start": {
              "line": 81,
              "column": 4
            },
            "end": {
              "line": 89,
              "column": 5
            }
          },
          {
            "start": {},
            "end": {}
          }
        ],
        "line": 81
      },
      "5": {
        "loc": {
          "start": {
            "line": 81,
            "column": 8
          },
          "end": {
            "line": 81,
            "column": 47
          }
        },
        "type": "binary-expr",
        "locations": [
          {
            "start": {
              "line": 81,
              "column": 8
            },
            "end": {
              "line": 81,
              "column": 24
            }
          },
          {
            "start": {
              "line": 81,
              "column": 28
            },
            "end": {
              "line": 81,
              "column": 47
            }
          }
        ],
        "line": 81
      },
      "6": {
        "loc": {
          "start": {
            "line": 82,
            "column": 6
          },
          "end": {
            "line": 88,
            "column": 7
          }
        },
        "type": "if",
        "locations": [
          {
            "start": {
              "line": 82,
              "column": 6
            },
            "end": {
              "line": 88,
              "column": 7
            }
          },
          {
            "start": {
              "line": 86,
              "column": 13
            },
            "end": {
              "line": 88,
              "column": 7
            }
          }
        ],
        "line": 82
      },
      "7": {
        "loc": {
          "start": {
            "line": 82,
            "column": 10
          },
          "end": {
            "line": 82,
            "column": 50
          }
        },
        "type": "binary-expr",
        "locations": [
          {
            "start": {
              "line": 82,
              "column": 10
            },
            "end": {
              "line": 82,
              "column": 21
            }
          },
          {
            "start": {
              "line": 82,
              "column": 25
            },
            "end": {
              "line": 82,
              "column": 50
            }
          }
        ],
        "line": 82
      },
      "8": {
        "loc": {
          "start": {
            "line": 94,
            "column": 2
          },
          "end": {
            "line": 96,
            "column": 3
          }
        },
        "type": "if",
        "locations": [
          {
            "start": {
              "line": 94,
              "column": 2
            },
            "end": {
              "line": 96,
              "column": 3
            }
          },
          {
            "start": {},
            "end": {}
          }
        ],
        "line": 94
      },
      "9": {
        "loc": {
          "start": {
            "line": 107,
            "column": 28
          },
          "end": {
            "line": 107,
            "column": 48
          }
        },
        "type": "cond-expr",
        "locations": [
          {
            "start": {
              "line": 107,
              "column": 41
            },
            "end": {
              "line": 107,
              "column": 42
            }
          },
          {
            "start": {
              "line": 107,
              "column": 45
            },
            "end": {
              "line": 107,
              "column": 48
            }
          }
        ],
        "line": 107
      },
      "10": {
        "loc": {
          "start": {
            "line": 109,
            "column": 15
          },
          "end": {
            "line": 109,
            "column": 28
          }
        },
        "type": "binary-expr",
        "locations": [
          {
            "start": {
              "line": 109,
              "column": 15
            },
            "end": {
              "line": 109,
              "column": 18
            }
          },
          {
            "start": {
              "line": 109,
              "column": 22
            },
            "end": {
              "line": 109,
              "column": 28
            }
          }
        ],
        "line": 109
      },
      "11": {
        "loc": {
          "start": {
            "line": 137,
            "column": 2
          },
          "end": {
            "line": 142,
            "column": 3
          }
        },
        "type": "if",
        "locations": [
          {
            "start": {
              "line": 137,
              "column": 2
            },
            "end": {
              "line": 142,
              "column": 3
            }
          },
          {
            "start": {},
            "end": {}
          }
        ],
        "line": 137
      },
      "12": {
        "loc": {
          "start": {
            "line": 146,
            "column": 2
          },
          "end": {
            "line": 150,
            "column": 3
          }
        },
        "type": "if",
        "locations": [
          {
            "start": {
              "line": 146,
              "column": 2
            },
            "end": {
              "line": 150,
              "column": 3
            }
          },
          {
            "start": {
              "line": 148,
              "column": 9
            },
            "end": {
              "line": 150,
              "column": 3
            }
          }
        ],
        "line": 146
      },
      "13": {
        "loc": {
          "start": {
            "line": 148,
            "column": 9
          },
          "end": {
            "line": 150,
            "column": 3
          }
        },
        "type": "if",
        "locations": [
          {
            "start": {
              "line": 148,
              "column": 9
            },
            "end": {
              "line": 150,
              "column": 3
            }
          },
          {
            "start": {},
            "end": {}
          }
        ],
        "line": 148
      },
      "14": {
        "loc": {
          "start": {
            "line": 158,
            "column": 24
          },
          "end": {
            "line": 158,
            "column": 71
          }
        },
        "type": "binary-expr",
        "locations": [
          {
            "start": {
              "line": 158,
              "column": 25
            },
            "end": {
              "line": 158,
              "column": 34
            }
          },
          {
            "start": {
              "line": 158,
              "column": 38
            },
            "end": {
              "line": 158,
              "column": 46
            }
          },
          {
            "start": {
              "line": 158,
              "column": 51
            },
            "end": {
              "line": 158,
              "column": 71
            }
          }
        ],
        "line": 158
      },
      "15": {
        "loc": {
          "start": {
            "line": 162,
            "column": 6
          },
          "end": {
            "line": 164,
            "column": 7
          }
        },
        "type": "if",
        "locations": [
          {
            "start": {
              "line": 162,
              "column": 6
            },
            "end": {
              "line": 164,
              "column": 7
            }
          },
          {
            "start": {},
            "end": {}
          }
        ],
        "line": 162
      },
      "16": {
        "loc": {
          "start": {
            "line": 195,
            "column": 129
          },
          "end": {
            "line": 195,
            "column": 156
          }
        },
        "type": "cond-expr",
        "locations": [
          {
            "start": {
              "line": 195,
              "column": 145
            },
            "end": {
              "line": 195,
              "column": 151
            }
          },
          {
            "start": {
              "line": 195,
              "column": 154
            },
            "end": {
              "line": 195,
              "column": 156
            }
          }
        ],
        "line": 195
      },
      "17": {
        "loc": {
          "start": {
            "line": 204,
            "column": 4
          },
          "end": {
            "line": 241,
            "column": 5
          }
        },
        "type": "binary-expr",
        "locations": [
          {
            "start": {
              "line": 204,
              "column": 4
            },
            "end": {
              "line": 204,
              "column": 17
            }
          },
          {
            "start": {
              "line": 204,
              "column": 37
            },
            "end": {
              "line": 241,
              "column": 5
            }
          }
        ],
        "line": 204
      },
      "18": {
        "loc": {
          "start": {
            "line": 256,
            "column": 0
          },
          "end": {
            "line": 259,
            "column": 1
          }
        },
        "type": "if",
        "locations": [
          {
            "start": {
              "line": 256,
              "column": 0
            },
            "end": {
              "line": 259,
              "column": 1
            }
          },
          {
            "start": {},
            "end": {}
          }
        ],
        "line": 256
      },
      "19": {
        "loc": {
          "start": {
            "line": 256,
            "column": 4
          },
          "end": {
            "line": 256,
            "column": 35
          }
        },
        "type": "binary-expr",
        "locations": [
          {
            "start": {
              "line": 256,
              "column": 4
            },
            "end": {
              "line": 256,
              "column": 19
            }
          },
          {
            "start": {
              "line": 256,
              "column": 23
            },
            "end": {
              "line": 256,
              "column": 35
            }
          }
        ],
        "line": 256
      },
      "20": {
        "loc": {
          "start": {
            "line": 260,
            "column": 0
          },
          "end": {
            "line": 269,
            "column": 1
          }
        },
        "type": "if",
        "locations": [
          {
            "start": {
              "line": 260,
              "column": 0
            },
            "end": {
              "line": 269,
              "column": 1
            }
          },
          {
            "start": {},
            "end": {}
          }
        ],
        "line": 260
      },
      "21": {
        "loc": {
          "start": {
            "line": 260,
            "column": 4
          },
          "end": {
            "line": 260,
            "column": 35
          }
        },
        "type": "binary-expr",
        "locations": [
          {
            "start": {
              "line": 260,
              "column": 4
            },
            "end": {
              "line": 260,
              "column": 19
            }
          },
          {
            "start": {
              "line": 260,
              "column": 23
            },
            "end": {
              "line": 260,
              "column": 35
            }
          }
        ],
        "line": 260
      },
      "22": {
        "loc": {
          "start": {
            "line": 264,
            "column": 6
          },
          "end": {
            "line": 264,
            "column": 31
          }
        },
        "type": "if",
        "locations": [
          {
            "start": {
              "line": 264,
              "column": 6
            },
            "end": {
              "line": 264,
              "column": 31
            }
          },
          {
            "start": {},
            "end": {}
          }
        ],
        "line": 264
      },
      "23": {
        "loc": {
          "start": {
            "line": 266,
            "column": 6
          },
          "end": {
            "line": 266,
            "column": 75
          }
        },
        "type": "if",
        "locations": [
          {
            "start": {
              "line": 266,
              "column": 6
            },
            "end": {
              "line": 266,
              "column": 75
            }
          },
          {
            "start": {},
            "end": {}
          }
        ],
        "line": 266
      }
    },
    "s": {
      "0": 6,
      "1": 6,
      "2": 6,
      "3": 0,
      "4": 6,
      "5": 6,
      "6": 6,
      "7": 18,
      "8": 6,
      "9": 6,
      "10": 6,
      "11": 6,
      "12": 6,
      "13": 0,
      "14": 6,
      "15": 6,
      "16": 0,
      "17": 0,
      "18": 0,
      "19": 0,
      "20": 0,
      "21": 0,
      "22": 0,
      "23": 0,
      "24": 0,
      "25": 0,
      "26": 0,
      "27": 0,
      "28": 0,
      "29": 0,
      "30": 0,
      "31": 0,
      "32": 0,
      "33": 0,
      "34": 0,
      "35": 0,
      "36": 0,
      "37": 0,
      "38": 0,
      "39": 0,
      "40": 6,
      "41": 0,
      "42": 6,
      "43": 6,
      "44": 0,
      "45": 0,
      "46": 0,
      "47": 0,
      "48": 0,
      "49": 0,
      "50": 0,
      "51": 0,
      "52": 0,
      "53": 6,
      "54": 0,
      "55": 0,
      "56": 0,
      "57": 0,
      "58": 6,
      "59": 0,
      "60": 0,
      "61": 0,
      "62": 0,
      "63": 0,
      "64": 0,
      "65": 0,
      "66": 0,
      "67": 0,
      "68": 0,
      "69": 0,
      "70": 0,
      "71": 0,
      "72": 0,
      "73": 0,
      "74": 0,
      "75": 0,
      "76": 0,
      "77": 0,
      "78": 0,
      "79": 0,
      "80": 0,
      "81": 0,
      "82": 0,
      "83": 0,
      "84": 0,
      "85": 0,
      "86": 6,
      "87": 0,
      "88": 6,
      "89": 6,
      "90": 6,
      "91": 6,
      "92": 6,
      "93": 6,
      "94": 6,
      "95": 6,
      "96": 6,
      "97": 6,
      "98": 6,
      "99": 0,
      "100": 0,
      "101": 0,
      "102": 0,
      "103": 0
    },
    "f": {
      "0": 18,
      "1": 0,
      "2": 0,
      "3": 0,
      "4": 0,
      "5": 0,
      "6": 0,
      "7": 0,
      "8": 0,
      "9": 0,
      "10": 0,
      "11": 0,
      "12": 0,
      "13": 0,
      "14": 0,
      "15": 0,
      "16": 0,
      "17": 0,
      "18": 0,
      "19": 0,
      "20": 0,
      "21": 0,
      "22": 0,
      "23": 0,
      "24": 0,
      "25": 0,
      "26": 6,
      "27": 0
    },
    "b": {
      "0": [
        6,
        0
      ],
      "1": [
        6,
        0
      ],
      "2": [
        6,
        6
      ],
      "3": [
        0,
        6
      ],
      "4": [
        0,
        0
      ],
      "5": [
        0,
        0
      ],
      "6": [
        0,
        0
      ],
      "7": [
        0,
        0
      ],
      "8": [
        0,
        0
      ],
      "9": [
        0,
        0
      ],
      "10": [
        0,
        0
      ],
      "11": [
        0,
        0
      ],
      "12": [
        0,
        0
      ],
      "13": [
        0,
        0
      ],
      "14": [
        0,
        0,
        0
      ],
      "15": [
        0,
        0
      ],
      "16": [
        0,
        0
      ],
      "17": [
        0,
        0
      ],
      "18": [
        6,
        0
      ],
      "19": [
        6,
        6
      ],
      "20": [
        6,
        0
      ],
      "21": [
        6,
        6
      ],
      "22": [
        0,
        0
      ],
      "23": [
        0,
        0
      ]
    },
    "inputSourceMap": {
      "version": 3,
      "mappings": "AAqBY,SAqIJ,UArII;;AArBZ,oBAAgB,OAAKA,sBAAmBC,eAAuB,gBAAaC;AAAiB,IAAQ;AAAO;AAAA;AAAA;AAAA;AAAA;AAAA;AAAA;AAAA;AAAA;AAAA;AAAA;AAAA;AAAA;AAAA;AAC5G,SAASC,YAAYC,iBAAiB;AACtC,SAASC,aAAa;AACtB,OAAOC,YAAY;AACnB,SAASC,UAAUC,mBAAmB;AACtC,SAASC,gBAAgB;AACzB,SAASC,uBAAuB;AAChC,SAASC,eAAe;AACxB,SAASC,mBAAmB;AAE5B,SAASC,uBAAuB;AAEhC,MAAMC,gBAAgB;AAEtB,MAAMC,uBAAwDA,CAAC,EAAEC,MAAM,MAAM;AACzE,SACI;AAAA,IAAC;AAAA;AAAA,MACG,WAAU;AAAA,MACV,SAASA;AAAAA,MACT,OAAM;AAAA,MAEN;AAAA,QAAC;AAAA;AAAA,UACG,MAAML;AAAAA,UACN,WAAU;AAAA;AAAA,QAFd;AAAA;AAAA;AAAA;AAAA;AAAA;AAAA;AAAA;AAAA,MAE2C;AAAA;AAAA,IAP/C;AAAA;AAAA;AAAA;AAAA;AAAA;AAAA;AAAA;AAAA,EASA;AAER;AAAEM,KAbIF;AAeN,MAAMG,WAA2CA,CAAC,EAAEC,SAAS,MAAM;AAAAC,KAAA;AAC/D,QAAMC,QAAQd,SAAS,mBAAmB;AAC1C,QAAMe,WAAWd,YAAY;AAC7B,QAAM,CAACe,KAAKC,MAAM,IAAIC,SAAoCC,MAAS;AACnE,QAAMC,aAAaN,OAAOO,QAAQT,aAAaA,SAASU,SAAS;AAEjE,QAAM,EAAEC,MAAMC,QAAQC,WAAWC,gBAAgB,IAAIxB,SAAS;AAAA,IAC1DyB,UAAU,CAAC,WAAWf,QAAQ;AAAA,IAC9BgB,SAASA,CAAC,EAAED,SAAS,MAAM9B,UAAUgC,UAAUF,SAAS,CAAC,CAAC;AAAA,EAC9D,CAAC;AAED,QAAMG,YAAYN,QAAQO,SAAS,CAAC,GAAGC;AACvC,QAAMC,QAAQT,QAAQU;AAEtB,QAAM,EAAEX,MAAMY,WAAWV,WAAWW,mBAAmB,IAAIlC,SAAS;AAAA,IAChEyB,UAAU,CAAC,cAAcG,SAAS;AAAA,IAClCF,SAAS,OAAO,EAAED,SAAS,MAAM/B,WAAWyC,oBAAoBV,SAAS,CAAC,CAAE;AAAA,IAC5EW,SAAS,CAAC,CAACR;AAAAA,EACf,CAAC;AAEDS,YAAU,MAAM;AACZ,QAAI,CAACb,mBAAmB,CAACU,oBAAoB;AACzC,UAAI,CAAC,CAACD,aAAaA,qBAAqBK,MAAM;AAC1C,cAAMxB,OAAMyB,IAAIC,gBAAgBP,SAAS;AACzClB,eAAOD,IAAG;AACV,eAAO,MAAMyB,IAAIE,gBAAgB3B,IAAG;AAAA,MACxC,OAAO;AACHC,eAAO,IAAI;AAAA,MACf;AAAA,IACJ;AAAA,EACJ,GAAG,CAACkB,WAAWT,iBAAiBU,kBAAkB,CAAC;AAEnD,QAAMQ,iBAAiBlD,YAAY,MAAM;AACrCqB,aAAS,aAAaH,QAAQ;AAAA,EAClC,GAAG,CAACG,UAAUH,QAAQ,CAAC;AAEvB,MAAII,QAAQG,QAAW;AACnB,WAAO;AAAA,EACX;AAEA,SACI;AAAA,IAAC;AAAA;AAAA,MACG,WAAU;AAAA,MACV,SAASyB;AAAAA,MACT;AAAA,MAEA;AAAA,QAAC;AAAA;AAAA,UACG,WAAU;AAAA,UACV,OAAO,EAAEC,SAASzB,aAAa,IAAI,IAAI;AAAA,UACvC,KAAI;AAAA,UACJ,KAAKJ,OAAOjB;AAAAA;AAAAA,QAJhB;AAAA;AAAA;AAAA;AAAA;AAAA;AAAA;AAAA;AAAA,MAIuB;AAAA;AAAA,IAT3B;AAAA;AAAA;AAAA;AAAA;AAAA;AAAA;AAAA;AAAA,EAWA;AAER;AAAEc,GAtDIF,UAAwC;AAAA,UAC5BX,UACGC,aAIoCC,UAQMA,QAAQ;AAAA;AAAA4C,MAdjEnC;AAwDN,MAAMoC,qBAAqBA,MAAM;AAC7B,QAAMC,kBAAkBC,aAAaC,QAAQ3C,aAAa;AAC1D,MAAIyC,iBAAiB;AACjB,UAAMG,oBAAoBH,gBAAgBI,MAAM,GAAG;AACnD,UAAMC,YAAYF,kBAAkBG,IAAI,CAACtB,OAAO,CAACA,EAAE;AACnD,UAAMuB,aAAaF,UAAUG,OAAO,CAACxB,OAAO,CAACyB,MAAMzB,EAAE,CAAC;AACtD,WAAOuB;AAAAA,EACX;AACA,SAAO;AACX;AAEA,MAAMG,qBAAqBA,CAACC,WAAqBC,qBAA8B;AAC3E,MAAID,UAAUE,WAAW,GAAG;AACxBZ,iBAAaa,WAAWvD,aAAa;AAAA,EACzC,WAAWqD,kBAAkB;AACzBX,iBAAac,QAAQxD,eAAeoD,UAAUK,KAAK,GAAG,CAAC;AAAA,EAC3D;AACJ;AAEO,aAAMC,0BAAuDA,CAAC,EAAEC,SAAS,MAAM;AAAAC,MAAA;AAClF,QAAM,EAAEC,QAAQR,iBAAiB,IAAIS,WAAWhE,WAAW;AAC3D,QAAM,CAACsD,WAAWW,YAAY,IAAIpD,SAAmB6B,kBAAkB;AACvE,QAAMwB,YAAYvE,SAAS,mBAAmB;AAC9C,QAAMwE,WAAWxE,SAAS,UAAU;AAEpC,QAAMyE,iBAAiBF,aAAaC,aAAab,UAAUE,SAAS;AAEpE,QAAMa,YAAYhF,YAAY,CAACkB,aAAqB;AAChD0D,iBAAa,CAACK,SAAS;AACnB,YAAMC,WAAWD,KAAKE,KAAK,CAAC7C,OAAOA,OAAOpB,QAAQ;AAClD,UAAIgE,UAAU;AACV,eAAOD;AAAAA,MACX;AACA,aAAO,CAAC,GAAGA,MAAM/D,QAAQ;AAAA,IAC7B,CAAC;AAAA,EACL,GAAG,EAAE;AAEL,QAAMkE,eAAepF,YAAY,CAACkB,aAAqB;AACnD0D,iBAAa,CAACK,SAAS;AACnB,aAAOA,KAAKnB,OAAO,CAACxB,OAAOA,OAAOpB,QAAQ;AAAA,IAC9C,CAAC;AAAA,EACL,GAAG,EAAE;AAEL,QAAMmE,WAAWrF;AAAAA,IACb,CAACkB,aAAqB;AAClB,aAAO+C,UAAUqB,SAASpE,QAAQ;AAAA,IACtC;AAAA,IACA,CAAC+C,SAAS;AAAA,EACd;AAEA,QAAMlD,QAAQf,YAAY,MAAM;AAC5B4E,iBAAa,EAAE;AAAA,EACnB,GAAG,EAAE;AAEL,QAAMW,eAAmCtF;AAAAA,IACrC,OAAO;AAAA,MACH+E;AAAAA,MACAI;AAAAA,MACArE;AAAAA,MACAsE;AAAAA,IACJ;AAAA,IACA,CAACL,WAAWI,cAAcrE,OAAOsE,QAAQ;AAAA,EAC7C;AAEAxC,YAAU,MAAM;AACZmB,uBAAmBC,WAAWC,gBAAgB;AAAA,EAClD,GAAG,CAACD,WAAWC,kBAAkBQ,MAAM,CAAC;AAExC,SACI,mCACI;AAAA,2BAAC,gBAAgB,UAAhB,EAAyB,OAAOa,cAC7B,iCAAC,SAAI,WAAWR,gBAAgB,SAAS,IAAKP,YAA9C;AAAA;AAAA;AAAA;AAAA,WAAuD,KAD3D;AAAA;AAAA;AAAA;AAAA,WAEA;AAAA,IACCO,iBACG;AAAA,MAAC;AAAA;AAAA,QACG,WAAU;AAAA,QACV,WAAU;AAAA,QAEV;AAAA,iCAAC,wBAAqB,SAAtB;AAAA;AAAA;AAAA;AAAA,iBAAmC;AAAA,UAClCd,UAAUL,IAAI,CAAC1C,aAAa;AACzB,mBACI;AAAA,cAAC;AAAA;AAAA,gBAEG;AAAA;AAAA,cADKA;AAAAA,cADT;AAAA;AAAA;AAAA;AAAA;AAAA;AAAA;AAAA,YAEuB;AAAA,UAG/B,CAAC;AAAA;AAAA;AAAA,MAZL;AAAA;AAAA;AAAA;AAAA;AAAA;AAAA;AAAA;AAAA,IAaA;AAAA,OAlBR;AAAA;AAAA;AAAA;AAAA,SAoBA;AAER;AAAEuD,IAxEWF,yBAAoD;AAAA,UAG3CjE,UACDA,QAAQ;AAAA;AAAAkF,MAJhBjB;AAAoD,IAAAvD,IAAAoC,KAAAoC;AAAAC,aAAAzE,IAAA;AAAAyE,aAAArC,KAAA;AAAAqC,aAAAD,KAAA",
      "names": [
        "PropsWithChildren",
        "useCallback",
        "useMemo",
        "pictureApi",
        "recipeApi",
        "Stack",
        "defImg",
        "useMatch",
        "useNavigate",
        "useQuery",
        "FontAwesomeIcon",
        "faXmark",
        "AuthContext",
        "BookmarkContext",
        "BOOKMARKS_KEY",
        "CleanBookmarksButton",
        "clear",
        "_c",
        "Bookmark",
        "recipeId",
        "_s",
        "match",
        "navigate",
        "url",
        "setUrl",
        "useState",
        "undefined",
        "isSelected",
        "params",
        "toString",
        "data",
        "recipe",
        "isLoading",
        "isLoadingRecipe",
        "queryKey",
        "queryFn",
        "getRecipe",
        "pictureId",
        "pictures",
        "id",
        "title",
        "name",
        "thumbnail",
        "isLoadingThumbnail",
        "getPictureThumbnail",
        "enabled",
        "useEffect",
        "Blob",
        "URL",
        "createObjectURL",
        "revokeObjectURL",
        "onClickHandler",
        "opacity",
        "_c2",
        "getStoredBookmarks",
        "storedBookmarks",
        "localStorage",
        "getItem",
        "splittedStringIds",
        "split",
        "mappedIds",
        "map",
        "numericIds",
        "filter",
        "isNaN",
        "setStoredBookmarks",
        "bookmarks",
        "hasCookieConsent",
        "length",
        "removeItem",
        "setItem",
        "join",
        "BookmarkContextProvider",
        "children",
        "_s2",
        "userId",
        "useContext",
        "setBookmarks",
        "inRecipes",
        "inSearch",
        "showBookmarks",
        "addRecipe",
        "prev",
        "existing",
        "find",
        "removeRecipe",
        "contains",
        "includes",
        "contextValue",
        "_c3",
        "$RefreshReg$"
      ],
      "ignoreList": [],
      "sources": [
        "/home/tomas/workspace/my-cookery-book-2-frontend/src/store/bookmark-context-provider.tsx"
      ],
      "file": "/home/tomas/workspace/my-cookery-book-2-frontend/src/store/bookmark-context-provider.tsx"
    },
    "_coverageSchema": "1a1c01bbd47fc00a2c39e90264f33305004495a9",
    "hash": "2be6fde6ab5afe810d901d00819cc612dee37fbc"
  },
  "/home/tomas/workspace/my-cookery-book-2-frontend/src/localisations/localisations.ts": {
    "path": "/home/tomas/workspace/my-cookery-book-2-frontend/src/localisations/localisations.ts",
    "statementMap": {
      "0": {
        "start": {
          "line": 1,
          "column": 31
        },
        "end": {
          "line": 5,
          "column": 1
        }
      },
      "1": {
        "start": {
          "line": 6,
          "column": 28
        },
        "end": {
          "line": 9,
          "column": 1
        }
      },
      "2": {
        "start": {
          "line": 10,
          "column": 36
        },
        "end": {
          "line": 22,
          "column": 1
        }
      }
    },
    "fnMap": {},
    "branchMap": {},
    "s": {
      "0": 6,
      "1": 6,
      "2": 6
    },
    "f": {},
    "b": {},
    "inputSourceMap": {
      "version": 3,
      "sources": [
        "/home/tomas/workspace/my-cookery-book-2-frontend/src/localisations/localisations.ts"
      ],
      "mappings": "AAEO,aAAM,kBAET;AAAA,EACA,MAAM;AAAA,EACN,WAAW;AAAA,EACX,WAAW;AACf;AAEO,aAAM,eAAkE;AAAA,EAC3E,OAAO;AAAA,EACP,SAAS;AACb;AAEO,aAAM,uBAAmD;AAAA,EAC5D,cAAc;AAAA,EACd,eAAe;AAAA,EACf,gBAAgB;AAAA,EAChB,WAAW;AAAA,EACX,mBAAmB;AAAA,EACnB,qBAAqB;AAAA,EACrB,UAAU;AAAA,EACV,eAAe;AAAA,EACf,eAAe;AAAA,EACf,yBAAyB;AAAA,EACzB,mBAAmB;AACvB;",
      "names": []
    },
    "_coverageSchema": "1a1c01bbd47fc00a2c39e90264f33305004495a9",
    "hash": "5f95acb3f5d62391d74086abda6acaa60c001563"
  },
  "/home/tomas/workspace/my-cookery-book-2-frontend/src/utils/errorMessages.ts": {
    "path": "/home/tomas/workspace/my-cookery-book-2-frontend/src/utils/errorMessages.ts",
    "statementMap": {
      "0": {
        "start": {
          "line": 2,
          "column": 34
        },
        "end": {
          "line": 22,
          "column": 1
        }
      },
      "1": {
        "start": {
          "line": 3,
          "column": 2
        },
        "end": {
          "line": 5,
          "column": 3
        }
      },
      "2": {
        "start": {
          "line": 4,
          "column": 4
        },
        "end": {
          "line": 4,
          "column": 18
        }
      },
      "3": {
        "start": {
          "line": 6,
          "column": 2
        },
        "end": {
          "line": 21,
          "column": 3
        }
      },
      "4": {
        "start": {
          "line": 7,
          "column": 4
        },
        "end": {
          "line": 17,
          "column": 5
        }
      },
      "5": {
        "start": {
          "line": 8,
          "column": 28
        },
        "end": {
          "line": 8,
          "column": 44
        }
      },
      "6": {
        "start": {
          "line": 9,
          "column": 6
        },
        "end": {
          "line": 13,
          "column": 7
        }
      },
      "7": {
        "start": {
          "line": 10,
          "column": 8
        },
        "end": {
          "line": 10,
          "column": 88
        }
      },
      "8": {
        "start": {
          "line": 12,
          "column": 8
        },
        "end": {
          "line": 12,
          "column": 84
        }
      },
      "9": {
        "start": {
          "line": 15,
          "column": 6
        },
        "end": {
          "line": 15,
          "column": 23
        }
      },
      "10": {
        "start": {
          "line": 16,
          "column": 6
        },
        "end": {
          "line": 16,
          "column": 42
        }
      },
      "11": {
        "start": {
          "line": 19,
          "column": 4
        },
        "end": {
          "line": 19,
          "column": 23
        }
      },
      "12": {
        "start": {
          "line": 20,
          "column": 4
        },
        "end": {
          "line": 20,
          "column": 40
        }
      }
    },
    "fnMap": {
      "0": {
        "name": "(anonymous_0)",
        "decl": {
          "start": {
            "line": 2,
            "column": 34
          },
          "end": {
            "line": 2,
            "column": 35
          }
        },
        "loc": {
          "start": {
            "line": 2,
            "column": 49
          },
          "end": {
            "line": 22,
            "column": 1
          }
        },
        "line": 2
      }
    },
    "branchMap": {
      "0": {
        "loc": {
          "start": {
            "line": 3,
            "column": 2
          },
          "end": {
            "line": 5,
            "column": 3
          }
        },
        "type": "if",
        "locations": [
          {
            "start": {
              "line": 3,
              "column": 2
            },
            "end": {
              "line": 5,
              "column": 3
            }
          },
          {
            "start": {},
            "end": {}
          }
        ],
        "line": 3
      },
      "1": {
        "loc": {
          "start": {
            "line": 3,
            "column": 6
          },
          "end": {
            "line": 3,
            "column": 149
          }
        },
        "type": "binary-expr",
        "locations": [
          {
            "start": {
              "line": 3,
              "column": 6
            },
            "end": {
              "line": 3,
              "column": 20
            }
          },
          {
            "start": {
              "line": 3,
              "column": 24
            },
            "end": {
              "line": 3,
              "column": 36
            }
          },
          {
            "start": {
              "line": 3,
              "column": 40
            },
            "end": {
              "line": 3,
              "column": 63
            }
          },
          {
            "start": {
              "line": 3,
              "column": 68
            },
            "end": {
              "line": 3,
              "column": 81
            }
          },
          {
            "start": {
              "line": 3,
              "column": 85
            },
            "end": {
              "line": 3,
              "column": 110
            }
          },
          {
            "start": {
              "line": 3,
              "column": 114
            },
            "end": {
              "line": 3,
              "column": 129
            }
          },
          {
            "start": {
              "line": 3,
              "column": 133
            },
            "end": {
              "line": 3,
              "column": 148
            }
          }
        ],
        "line": 3
      },
      "2": {
        "loc": {
          "start": {
            "line": 6,
            "column": 2
          },
          "end": {
            "line": 21,
            "column": 3
          }
        },
        "type": "if",
        "locations": [
          {
            "start": {
              "line": 6,
              "column": 2
            },
            "end": {
              "line": 21,
              "column": 3
            }
          },
          {
            "start": {
              "line": 18,
              "column": 9
            },
            "end": {
              "line": 21,
              "column": 3
            }
          }
        ],
        "line": 6
      },
      "3": {
        "loc": {
          "start": {
            "line": 9,
            "column": 6
          },
          "end": {
            "line": 13,
            "column": 7
          }
        },
        "type": "if",
        "locations": [
          {
            "start": {
              "line": 9,
              "column": 6
            },
            "end": {
              "line": 13,
              "column": 7
            }
          },
          {
            "start": {
              "line": 11,
              "column": 13
            },
            "end": {
              "line": 13,
              "column": 7
            }
          }
        ],
        "line": 9
      },
      "4": {
        "loc": {
          "start": {
            "line": 10,
            "column": 15
          },
          "end": {
            "line": 10,
            "column": 87
          }
        },
        "type": "binary-expr",
        "locations": [
          {
            "start": {
              "line": 10,
              "column": 15
            },
            "end": {
              "line": 10,
              "column": 55
            }
          },
          {
            "start": {
              "line": 10,
              "column": 59
            },
            "end": {
              "line": 10,
              "column": 87
            }
          }
        ],
        "line": 10
      },
      "5": {
        "loc": {
          "start": {
            "line": 12,
            "column": 15
          },
          "end": {
            "line": 12,
            "column": 83
          }
        },
        "type": "binary-expr",
        "locations": [
          {
            "start": {
              "line": 12,
              "column": 15
            },
            "end": {
              "line": 12,
              "column": 51
            }
          },
          {
            "start": {
              "line": 12,
              "column": 55
            },
            "end": {
              "line": 12,
              "column": 83
            }
          }
        ],
        "line": 12
      }
    },
    "s": {
      "0": 6,
      "1": 0,
      "2": 0,
      "3": 0,
      "4": 0,
      "5": 0,
      "6": 0,
      "7": 0,
      "8": 0,
      "9": 0,
      "10": 0,
      "11": 0,
      "12": 0
    },
    "f": {
      "0": 0
    },
    "b": {
      "0": [
        0,
        0
      ],
      "1": [
        0,
        0,
        0,
        0,
        0,
        0,
        0
      ],
      "2": [
        0,
        0
      ],
      "3": [
        0,
        0
      ],
      "4": [
        0,
        0
      ],
      "5": [
        0,
        0
      ]
    },
    "inputSourceMap": {
      "version": 3,
      "sources": [
        "/home/tomas/workspace/my-cookery-book-2-frontend/src/utils/errorMessages.ts"
      ],
      "mappings": "AAAA,SAAS,4BAA4B;AAE9B,aAAM,qBAAqB,OAAO,QAAiB;AACtD,MACI,QAAQ,UACR,QAAQ,QACR,OAAO,QAAQ,aACb,UAAU,OAAO,IAAI,SAAS,gBAAkB,YAAY,OAAO,YAAY,MACnF;AACE,WAAO;AAAA,EACX;AACA,MAAI,eAAe,UAAU;AACzB,QAAI;AACA,YAAM,gBAAgB,MAAM,IAAI,KAAK;AACrC,UAAI,cAAc,MAAM;AACpB,eAAO,qBAAqB,cAAc,IAAI,KAAK;AAAA,MACvD,OAAO;AACH,eAAO,qBAAqB,IAAI,UAAU,KAAK;AAAA,MACnD;AAAA,IACJ,SAAS,GAAG;AACR,cAAQ,MAAM,CAAC;AACf,aAAO;AAAA,IACX;AAAA,EACJ,OAAO;AACH,YAAQ,MAAM,GAAG;AACjB,WAAO;AAAA,EACX;AACJ;",
      "names": []
    },
    "_coverageSchema": "1a1c01bbd47fc00a2c39e90264f33305004495a9",
    "hash": "bfbd0b22b19c7c56d1ba8576ab090dc61c2daaaf"
  },
  "/home/tomas/workspace/my-cookery-book-2-frontend/src/components/ui/Input.tsx": {
    "path": "/home/tomas/workspace/my-cookery-book-2-frontend/src/components/ui/Input.tsx",
    "statementMap": {
      "0": {
        "start": {
          "line": 3,
          "column": 20
        },
        "end": {
          "line": 3,
          "column": 97
        }
      },
      "1": {
        "start": {
          "line": 6,
          "column": 0
        },
        "end": {
          "line": 16,
          "column": 1
        }
      },
      "2": {
        "start": {
          "line": 7,
          "column": 2
        },
        "end": {
          "line": 9,
          "column": 3
        }
      },
      "3": {
        "start": {
          "line": 8,
          "column": 4
        },
        "end": {
          "line": 8,
          "column": 165
        }
      },
      "4": {
        "start": {
          "line": 10,
          "column": 2
        },
        "end": {
          "line": 10,
          "column": 39
        }
      },
      "5": {
        "start": {
          "line": 11,
          "column": 2
        },
        "end": {
          "line": 11,
          "column": 39
        }
      },
      "6": {
        "start": {
          "line": 12,
          "column": 2
        },
        "end": {
          "line": 14,
          "column": 4
        }
      },
      "7": {
        "start": {
          "line": 13,
          "column": 4
        },
        "end": {
          "line": 13,
          "column": 120
        }
      },
      "8": {
        "start": {
          "line": 15,
          "column": 2
        },
        "end": {
          "line": 15,
          "column": 75
        }
      },
      "9": {
        "start": {
          "line": 17,
          "column": 9
        },
        "end": {
          "line": 17,
          "column": 23
        }
      },
      "10": {
        "start": {
          "line": 22,
          "column": 14
        },
        "end": {
          "line": 77,
          "column": 1
        }
      },
      "11": {
        "start": {
          "line": 23,
          "column": 2
        },
        "end": {
          "line": 23,
          "column": 7
        }
      },
      "12": {
        "start": {
          "line": 27,
          "column": 6
        },
        "end": {
          "line": 27,
          "column": 22
        }
      },
      "13": {
        "start": {
          "line": 28,
          "column": 13
        },
        "end": {
          "line": 28,
          "column": 20
        }
      },
      "14": {
        "start": {
          "line": 29,
          "column": 23
        },
        "end": {
          "line": 29,
          "column": 55
        }
      },
      "15": {
        "start": {
          "line": 30,
          "column": 2
        },
        "end": {
          "line": 76,
          "column": 4
        }
      },
      "16": {
        "start": {
          "line": 78,
          "column": 0
        },
        "end": {
          "line": 80,
          "column": 3
        }
      },
      "17": {
        "start": {
          "line": 79,
          "column": 2
        },
        "end": {
          "line": 79,
          "column": 33
        }
      },
      "18": {
        "start": {
          "line": 81,
          "column": 0
        },
        "end": {
          "line": 81,
          "column": 11
        }
      },
      "19": {
        "start": {
          "line": 84,
          "column": 0
        },
        "end": {
          "line": 84,
          "column": 26
        }
      },
      "20": {
        "start": {
          "line": 85,
          "column": 0
        },
        "end": {
          "line": 88,
          "column": 1
        }
      },
      "21": {
        "start": {
          "line": 86,
          "column": 2
        },
        "end": {
          "line": 86,
          "column": 39
        }
      },
      "22": {
        "start": {
          "line": 87,
          "column": 2
        },
        "end": {
          "line": 87,
[...]
      "109": 0,
      "110": 6,
      "111": 6,
      "112": 6,
      "113": 6,
      "114": 6,
      "115": 6,
      "116": 6,
      "117": 6,
      "118": 6,
      "119": 6,
      "120": 6,
      "121": 0,
      "122": 0,
      "123": 0,
      "124": 0,
      "125": 0
    },
    "f": {
      "0": 6,
      "1": 82,
      "2": 29,
      "3": 29,
      "4": 28,
      "5": 12,
      "6": 12,
      "7": 0,
      "8": 13,
      "9": 0,
      "10": 1,
      "11": 13,
      "12": 0,
      "13": 0,
      "14": 0,
      "15": 0,
      "16": 0,
      "17": 0,
      "18": 7,
      "19": 14,
      "20": 0,
      "21": 6,
      "22": 6,
      "23": 0
    },
    "b": {
      "0": [
        6,
        0
      ],
      "1": [
        6,
        0
      ],
      "2": [
        6,
        6
      ],
      "3": [
        0,
        6
      ],
      "4": [
        82,
        0
      ],
      "5": [
        0,
        0
      ],
      "6": [
        0,
        28
      ],
      "7": [
        0,
        28
      ],
      "8": [
        0,
        12
      ],
      "9": [
        0,
        12
      ],
      "10": [
        0,
        0
      ],
      "11": [
        0,
        0
      ],
      "12": [
        0,
        0
      ],
      "13": [
        0,
        1
      ],
      "14": [
        0,
        1
      ],
      "15": [
        0,
        13
      ],
      "16": [
        13,
        0
      ],
      "17": [
        0,
        0
      ],
      "18": [
        0,
        0
      ],
      "19": [
        0,
        0
      ],
      "20": [
        0,
        13
      ],
      "21": [
        0,
        0
      ],
      "22": [
        0,
        0
      ],
      "23": [
        0,
        0
      ],
      "24": [
        6,
        0
      ],
      "25": [
        6,
        6
      ],
      "26": [
        6,
        0
      ],
      "27": [
        6,
        6
      ],
      "28": [
        0,
        0
      ],
      "29": [
        0,
        0
      ]
    },
    "inputSourceMap": {
      "version": 3,
      "mappings": "AAmLQ,mBACI,cADJ;2BAnLR;AAAgBA,MAAUC,cAAW,OAAKC,sBAA4BC,eAAW,gBAAe;AAAA;AAAA;AAAA;AAAA;AAAA;AAAA;AAAA;AAAA;AAAA;AAAA;AAAA;AAAA;AAAA;AAAA;AAAA;AAChG,SAASC,iBAAiB;AAC1B,SAASC,eAAe;AACxB,SAASC,0BAA0B;AACnC,OAAOC,WAAW;AAElB,OAAOC,aAAa;AACpB,SAASC,sBAAsB;AAE/B,SAASC,mBAAmB;AAE5B,MAAMC,gBAAgBA,CAACC,UAAyB;AAC5C,MAAIA,UAAU,MAAM;AAChB,WAAO;AAAA,EACX;AACA,QAAMC,UAAUT,UAAuBQ,KAAK;AAC5C,MAAI,CAACC,QAAQC,KAAK;AACd,WAAO;AAAA,EACX;AACA,QAAMH,iBAAgBE,QAAQC,MAAM,MAAOC,KAAKC,IAAI;AACpD,SAAOL,iBAAgB;AAC3B;AAEA,MAAMM,cAAcC,aAAaC,QAAQ,OAAO;AAChD,MAAMC,qBAAqBF,aAAaC,QAAQ,cAAc;AAC9DE,OAAOT,QAAQK;AAEf,MAAMK,yBAAyBA,MAAM;AACjC,MAAI;AACA,WACIC,SAASC,OACJC,MAAM,GAAG,EACTC,KAAK,CAACF,WAAWA,OAAOG,WAAW,eAAe,CAAC,GAClDF,MAAM,GAAG,EAAE,CAAC,MAAM;AAAA,EAEhC,QAAQ;AACJG,YAAQC,MAAM,mCAAmC;AAAA,EACrD;AACA,SAAO;AACX;AAEA,MAAMC,sBAAmDA,CAACC,UAAU;AAAAC,KAAA;AAChE,QAAMC,cAAcxB,eAAe;AACnC,QAAM,CAACyB,kBAAkBC,mBAAmB,IAAInC,SAASsB,uBAAuB,CAAC;AACjF,QAAM,CAACV,OAAOwB,QAAQ,IAAIpC,SAASW,cAAcM,WAAW,IAAI,IAAIA,cAAc,IAAI;AACtF,QAAM,CAACoB,cAAcC,eAAe,IAAItC,SAASW,cAAcS,kBAAkB,IAAI,IAAIA,qBAAqB,IAAI;AAClH,QAAM,CAACmB,YAAYC,aAAa,IAAIxC,SAAS,CAAC,CAACqC,YAAY;AAC3D,QAAM,CAACI,WAAWC,YAAY,IAAI1C,SAAkB,IAAI;AACxD,QAAM,CAAC6B,OAAOc,QAAQ,IAAI3C,SAAiB;AAC3C,QAAM,CAAC4C,QAAQC,SAAS,IAAI7C,SAAS,MAAM;AACvC,QAAIY,OAAO;AACP,YAAMkC,eAAe1C,UAAuBQ,KAAK;AACjD,aAAOkC,aAAaF;AAAAA,IACxB,OAAO;AACH,aAAO;AAAA,IACX;AAAA,EACJ,CAAC;AACD,QAAMG,iBAAiB,CAAC,CAACnC;AACzB,QAAMoC,YAAYC,QAAQ,MAAM;AAC5B,QAAIrC,OAAO;AACP,aAAOR,UAAuBQ,KAAK,EAAEsC,OAAOC,IAAI,CAACC,MAAMA,CAAsB,KAAK;AAAA,IACtF;AACA,WAAO;AAAA,EACX,GAAG,CAACxC,KAAK,CAAC;AAEV,QAAMyC,gBAAgBlD,YAAY,MAAM;AACpCiC,aAAS,IAAI;AACbE,oBAAgB,IAAI;AACpBO,cAAU,IAAI;AACd3B,iBAAaoC,MAAM;AACnB,WAAOjC,OAAOT;AACdqB,gBAAYsB,cAAc;AAAA,MACtBC,UAAU,CAAC,aAAa;AAAA,IAC5B,CAAC;AAAA,EACL,GAAG,CAACvB,WAAW,CAAC;AAEhB,QAAMwB,eAAetD;AAAAA,IACjB,CAACS,QAAeyB,eAAsBE,gBAAwB;AAC1DH,eAASxB,MAAK;AACd0B,sBAAgBD,aAAY;AAC5BG,oBAAcD,WAAU;AACxB,YAAMO,eAAe1C,UAAuBQ,MAAK;AACjDiC,gBAAUC,cAAcF,MAAM;AAC9B,UAAIL,eAAcL,kBAAkB;AAChChB,qBAAawC,QAAQ,SAAS9C,MAAK;AACnCM,qBAAawC,QAAQ,gBAAgBrB,aAAY;AAAA,MACrD;AACAhB,aAAOT,QAAQA;AAAAA,IACnB;AAAA,IACA,CAACsB,gBAAgB;AAAA,EACrB;AAEA,QAAMyB,6BAA6BxD,YAAY,CAACyD,YAAqB;AACjE,QAAI,CAACA,SAAS;AAEVrC,eAASC,SAAS;AAClBN,mBAAaoC,MAAM;AAAA,IACvB,WAAW,CAAChC,uBAAuB,GAAG;AAElCC,eAASC,SAAS;AAAA,IACtB;AACAW,wBAAoByB,OAAO;AAAA,EAC/B,GAAG,EAAE;AAEL3D,YAAU,MAAM;AACZ,UAAM4D,aAAa,IAAIC,gBAAgB;AACvC,UAAMC,eAAepD,cAAcC,KAAK,IAAI;AAC5C,UAAMoD,sBAAsBrD,cAAc0B,YAAY,IAAI;AAC1D,QAAI0B,gBAAgBC,qBAAqB;AACrC,YAAMC,WAAWC,WAAW,MAAM;AAC9B,SAAC,YAAY;AACT,cAAI7B,cAAc;AACd,gBAAI;AACA,oBAAM8B,OAAO,MAAM9D,QAAQgC;AAAAA,gBACvB;AAAA,kBACIA;AAAAA,gBACJ;AAAA,gBACA,EAAE+B,QAAQP,WAAWO,OAAO;AAAA,cAChC;AACA,kBAAID,MAAM;AACNV,6BAAaU,KAAKvD,OAAOuD,KAAK9B,cAAcE,UAAU;AAAA,cAC1D;AACA,kBAAI,CAAC4B,MAAM;AACPd,8BAAc;AAAA,cAClB;AAAA,YACJ,SAASgB,KAAK;AACV/D,iCAAmB+D,GAAG,EAAEC,KAAK,CAACC,YAAY5B,SAAS4B,OAAO,CAAC;AAAA,YAC/D;AAAA,UACJ;AAAA,QACJ,GAAG;AAAA,MACP,GAAG5D,cAAcC,KAAK,CAAC;AACvB8B,mBAAa,KAAK;AAClB,aAAO,MAAM;AACT8B,sBAAcP,QAAQ;AAAA,MAC1B;AAAA,IACJ,WAAWD,qBAAqB;AAC5B,OAAC,YAAY;AACT,YAAI3B,cAAc;AACd,cAAI;AACA,kBAAM8B,OAAO,MAAM9D,QAAQgC;AAAAA,cACvB;AAAA,gBACIA;AAAAA,cACJ;AAAA,cACA,EAAE+B,QAAQP,WAAWO,OAAO;AAAA,YAChC;AACA,gBAAID,MAAM;AACNV,2BAAaU,KAAKvD,OAAOuD,KAAK9B,cAAcE,UAAU;AAAA,YAC1D;AACA,gBAAI,CAAC4B,MAAM;AACPd,4BAAc;AAAA,YAClB;AAAA,UACJ,SAASgB,KAAK;AACV/D,+BAAmB+D,GAAG,EAAEC,KAAK,CAACC,YAAY5B,SAAS4B,OAAO,CAAC;AAAA,UAC/D,UAAC;AACG7B,yBAAa,KAAK;AAAA,UACtB;AAAA,QACJ;AAAA,MACJ,GAAG;AAAA,IACP,OAAO;AACHW,oBAAc;AACdX,mBAAa,KAAK;AAAA,IACtB;AACA,WAAO,MAAMmB,WAAWY,MAAM;AAAA,EAClC,GAAG,CAAC7D,OAAOyB,cAAcO,QAAQL,YAAYc,eAAeI,YAAY,CAAC;AAEzE,QAAMiB,eAA+BzB;AAAAA,IACjC,OAAO;AAAA,MACHL;AAAAA,MACAI;AAAAA,MACA2B,YAAY5B;AAAAA,MACZ6B,OAAOnB;AAAAA,MACPoB,QAAQxB;AAAAA,MACRnB;AAAAA,MACAC,qBAAqBwB;AAAAA,IACzB;AAAA,IACA,CAACzB,kBAAkBuB,cAAcJ,eAAeM,4BAA4Bf,QAAQG,gBAAgBC,SAAS;AAAA,EACjH;AAEA,SACI,mCACI;AAAA,2BAAC,WAAQ,MAAMP,aAAf;AAAA;AAAA;AAAA;AAAA,WAAyB;AAAA,IACzB,uBAAC,YAAY,UAAZ,EAAqB,OAAOiC,cAAe3C,gBAAM+C,YAAlD;AAAA;AAAA;AAAA;AAAA,WAA2D;AAAA,IAC3D;AAAA,MAAC;AAAA;AAAA,QACG,MAAM,CAAC,CAACjD;AAAAA,QACR,SAASA;AAAAA,QACT,MAAK;AAAA,QACL,SAAS,MAAM;AACXc,mBAASoC,MAAS;AAAA,QACtB;AAAA;AAAA,MANJ;AAAA;AAAA;AAAA;AAAA;AAAA;AAAA;AAAA;AAAA,IAMM;AAAA,OATV;AAAA;AAAA;AAAA;AAAA,SAWA;AAER;AAAE/C,GAvJIF,qBAAgD;AAAA,UAC9BrB,cAAc;AAAA;AAAAuE,KADhClD;AAyJN,eAAeA;AAAoB,IAAAkD;AAAAC,aAAAD,IAAA",
      "names": [
        "useState",
        "useEffect",
        "PropsWithChildren",
        "useCallback",
        "jwtDecode",
        "authApi",
        "formatErrorMessage",
        "Modal",
        "Welcome",
        "useQueryClient",
        "AuthContext",
        "tokenValidity",
        "token",
        "decoded",
        "exp",
        "Date",
        "now",
        "storedToken",
        "localStorage",
        "getItem",
        "storedRefreshToken",
        "window",
        "hasCookieConsentStored",
        "document",
        "cookie",
        "split",
        "find",
        "startsWith",
        "console",
        "error",
        "AuthContextProvider",
        "props",
        "_s",
        "queryClient",
        "hasCookieConsent",
        "setHasCookieConsent",
        "setToken",
        "refreshToken",
        "setRefreshToken",
        "rememberMe",
        "setRememberMe",
        "isLoading",
        "setIsLoading",
        "setError",
        "userId",
        "setUserId",
        "decodedToken",
        "userIsLoggedIn",
        "userRoles",
        "useMemo",
        "roles",
        "map",
        "r",
        "logoutHandler",
        "clear",
        "removeQueries",
        "queryKey",
        "loginHandler",
        "setItem",
        "setHasCookieConsentHandler",
        "consent",
        "controller",
        "AbortController",
        "tokenIsValid",
        "refreshTokenIsValid",
        "interval",
        "setTimeout",
        "data",
        "signal",
        "err",
        "then",
        "message",
        "clearInterval",
        "abort",
        "contextValue",
        "isLoggedIn",
        "login",
        "logout",
        "children",
        "undefined",
        "_c",
        "$RefreshReg$"
      ],
      "ignoreList": [],
      "sources": [
        "/home/tomas/workspace/my-cookery-book-2-frontend/src/store/auth-context-provider.tsx"
      ],
      "file": "/home/tomas/workspace/my-cookery-book-2-frontend/src/store/auth-context-provider.tsx"
    },
    "_coverageSchema": "1a1c01bbd47fc00a2c39e90264f33305004495a9",
    "hash": "56a78289ec767c9a0d9d7c529ad692f48935261a"
  },
  "/home/tomas/workspace/my-cookery-book-2-frontend/src/main.tsx": {
    "path": "/home/tomas/workspace/my-cookery-book-2-frontend/src/main.tsx",
    "statementMap": {
      "0": {
        "start": {
          "line": 9,
          "column": 20
        },
        "end": {
          "line": 15,
          "column": 2
        }
      },
      "1": {
        "start": {
          "line": 16,
          "column": 20
        },
        "end": {
          "line": 16,
          "column": 51
        }
      },
      "2": {
        "start": {
          "line": 17,
          "column": 0
        },
        "end": {
          "line": 52,
          "column": 2
        }
      }
    },
    "fnMap": {},
    "branchMap": {},
    "s": {
      "0": 6,
      "1": 6,
      "2": 6
    },
    "f": {},
    "b": {},
    "inputSourceMap": {
      "version": 3,
      "mappings": "AAsBgB;AAtBhB,SAASA,kBAAkB;AAC3B,SAASC,kBAAkB;AAC3B,SAASC,aAAaC,2BAA2B;AACjD,SAASC,0BAA0B;AAEnC,OAAO;AACP,OAAOC,SAAS;AAChB,OAAOC,yBAAyB;AAEhC,MAAMC,cAAc,IAAIL,YAAY;AAAA,EAChCM,gBAAgB;AAAA,IACZC,SAAS;AAAA,MACLC,WAAWC;AAAAA,IACf;AAAA,EACJ;AACJ,CAAC;AAED,MAAMC,cAAcC,SAASC,eAAe,MAAM;AAClDb,WAAWW,WAAW,EAAEG;AAAAA,EACpB,uBAAC,cACG,iCAAC,uBAAoB,QAAQR,aACzB;AAAA,2BAAC,uBACG,iCAAC,SAAD;AAAA;AAAA;AAAA;AAAA,WAAI,KADR;AAAA;AAAA;AAAA;AAAA,WAEA;AAAA,IACA;AAAA,MAAC;AAAA;AAAA,QACG,eAAe;AAAA,QACf,gBAAe;AAAA;AAAA,MAFnB;AAAA;AAAA;AAAA;AAAA;AAAA;AAAA;AAAA;AAAA,IAEgC;AAAA,OANpC;AAAA;AAAA;AAAA;AAAA,SAQA,KATJ;AAAA;AAAA;AAAA;AAAA,SAUA;AACJ",
      "names": [
        "StrictMode",
        "createRoot",
        "QueryClient",
        "QueryClientProvider",
        "ReactQueryDevtools",
        "App",
        "AuthContextProvider",
        "queryClient",
        "defaultOptions",
        "queries",
        "staleTime",
        "Infinity",
        "rootElement",
        "document",
        "getElementById",
        "render"
      ],
      "ignoreList": [],
      "sources": [
        "/home/tomas/workspace/my-cookery-book-2-frontend/src/main.tsx"
      ],
      "file": "/home/tomas/workspace/my-cookery-book-2-frontend/src/main.tsx"
    },
    "_coverageSchema": "1a1c01bbd47fc00a2c39e90264f33305004495a9",
    "hash": "7d5dc057d8e9e6106db4b9482cbfd0c4a73e8047"
  },
  "/home/tomas/workspace/my-cookery-book-2-frontend/src/App.scss": {
    "path": "/home/tomas/workspace/my-cookery-book-2-frontend/src/App.scss",
    "statementMap": {},
    "fnMap": {},
    "branchMap": {},
    "s": {},
    "f": {},
    "b": {}
  },
  "/home/tomas/workspace/my-cookery-book-2-frontend/src/main.scss": {
    "path": "/home/tomas/workspace/my-cookery-book-2-frontend/src/main.scss",
    "statementMap": {},
    "fnMap": {},
    "branchMap": {},
    "s": {},
    "f": {},
    "b": {}
  },
  "/home/tomas/workspace/my-cookery-book-2-frontend/src/assets/defaultRecipe.jpg": {
    "path": "/home/tomas/workspace/my-cookery-book-2-frontend/src/assets/defaultRecipe.jpg",
    "statementMap": {},
    "fnMap": {},
    "branchMap": {},
    "s": {},
    "f": {},
    "b": {}
  },
  "/home/tomas/workspace/my-cookery-book-2-frontend/src/store/auth-context-types.ts": {
    "path": "/home/tomas/workspace/my-cookery-book-2-frontend/src/store/auth-context-types.ts",
    "statementMap": {},
    "fnMap": {},
    "branchMap": {},
    "s": {},
    "f": {},
    "b": {}
  },
  "/home/tomas/workspace/my-cookery-book-2-frontend/src/store/bookmark-context-types.ts": {
    "path": "/home/tomas/workspace/my-cookery-book-2-frontend/src/store/bookmark-context-types.ts",
    "statementMap": {},
    "fnMap": {},
    "branchMap": {},
    "s": {},
    "f": {},
    "b": {}
  },
  "/home/tomas/workspace/my-cookery-book-2-frontend/src/utils/env.ts": {
    "path": "/home/tomas/workspace/my-cookery-book-2-frontend/src/utils/env.ts",
    "statementMap": {},
    "fnMap": {},
    "branchMap": {},
    "s": {},
    "f": {},
    "b": {}
  },
  "/home/tomas/workspace/my-cookery-book-2-frontend/src/components/ui/InputWithBtn.tsx": {
    "path": "/home/tomas/workspace/my-cookery-book-2-frontend/src/components/ui/InputWithBtn.tsx",
    "statementMap": {},
    "fnMap": {},
    "branchMap": {},
    "s": {},
    "f": {},
    "b": {}
  },
  "/home/tomas/workspace/my-cookery-book-2-frontend/src/components/ui/Select.tsx": {
    "path": "/home/tomas/workspace/my-cookery-book-2-frontend/src/components/ui/Select.tsx",
    "statementMap": {},
    "fnMap": {},
    "branchMap": {},
    "s": {},
    "f": {},
    "b": {}
  },
  "/home/tomas/workspace/my-cookery-book-2-frontend/src/components/ui/Textarea.tsx": {
    "path": "/home/tomas/workspace/my-cookery-book-2-frontend/src/components/ui/Textarea.tsx",
    "statementMap": {},
    "fnMap": {},
    "branchMap": {},
    "s": {},
    "f": {},
    "b": {}
  },
  "/home/tomas/workspace/my-cookery-book-2-frontend/src/components/unitCategories/Units.tsx": {
    "path": "/home/tomas/workspace/my-cookery-book-2-frontend/src/components/unitCategories/Units.tsx",
    "statementMap": {},
    "fnMap": {},
    "branchMap": {},
    "s": {},
    "f": {},
    "b": {}
  },
  "/home/tomas/workspace/my-cookery-book-2-frontend/src/pages/categories/CategoriesPage.tsx": {
    "path": "/home/tomas/workspace/my-cookery-book-2-frontend/src/pages/categories/CategoriesPage.tsx",
    "statementMap": {},
    "fnMap": {},
    "branchMap": {},
    "s": {},
    "f": {},
    "b": {}
  },
  "/home/tomas/workspace/my-cookery-book-2-frontend/src/pages/categories/CategoryPage.tsx": {
    "path": "/home/tomas/workspace/my-cookery-book-2-frontend/src/pages/categories/CategoryPage.tsx",
    "statementMap": {},
    "fnMap": {},
    "branchMap": {},
    "s": {},
    "f": {},
    "b": {}
  },
  "/home/tomas/workspace/my-cookery-book-2-frontend/src/pages/consent/ConsentPage.tsx": {
    "path": "/home/tomas/workspace/my-cookery-book-2-frontend/src/pages/consent/ConsentPage.tsx",
    "statementMap": {},
    "fnMap": {},
    "branchMap": {},
    "s": {},
    "f": {},
    "b": {}
  },
  "/home/tomas/workspace/my-cookery-book-2-frontend/src/pages/profile/ProfilePage.tsx": {
    "path": "/home/tomas/workspace/my-cookery-book-2-frontend/src/pages/profile/ProfilePage.tsx",
    "statementMap": {},
    "fnMap": {},
    "branchMap": {},
    "s": {},
    "f": {},
    "b": {}
  },
  "/home/tomas/workspace/my-cookery-book-2-frontend/src/pages/recipes/RecipeEditPage.tsx": {
    "path": "/home/tomas/workspace/my-cookery-book-2-frontend/src/pages/recipes/RecipeEditPage.tsx",
    "statementMap": {},
    "fnMap": {},
    "branchMap": {},
    "s": {},
    "f": {},
    "b": {}
  },
  "/home/tomas/workspace/my-cookery-book-2-frontend/src/pages/signIn/ConfirmationPage.tsx": {
    "path": "/home/tomas/workspace/my-cookery-book-2-frontend/src/pages/signIn/ConfirmationPage.tsx",
    "statementMap": {},
    "fnMap": {},
    "branchMap": {},
    "s": {},
    "f": {},
    "b": {}
  },
  "/home/tomas/workspace/my-cookery-book-2-frontend/src/pages/signIn/ResetPasswordPage.tsx": {
    "path": "/home/tomas/workspace/my-cookery-book-2-frontend/src/pages/signIn/ResetPasswordPage.tsx",
    "statementMap": {},
    "fnMap": {},
    "branchMap": {},
    "s": {},
    "f": {},
    "b": {}
  },
  "/home/tomas/workspace/my-cookery-book-2-frontend/src/pages/signIn/ResetPasswordRequestPage.tsx": {
    "path": "/home/tomas/workspace/my-cookery-book-2-frontend/src/pages/signIn/ResetPasswordRequestPage.tsx",
    "statementMap": {},
    "fnMap": {},
    "branchMap": {},
    "s": {},
    "f": {},
    "b": {}
  },
  "/home/tomas/workspace/my-cookery-book-2-frontend/src/pages/tags/TagPage.tsx": {
    "path": "/home/tomas/workspace/my-cookery-book-2-frontend/src/pages/tags/TagPage.tsx",
    "statementMap": {},
    "fnMap": {},
    "branchMap": {},
    "s": {},
    "f": {},
    "b": {}
  },
  "/home/tomas/workspace/my-cookery-book-2-frontend/src/pages/tags/TagsPage.tsx": {
    "path": "/home/tomas/workspace/my-cookery-book-2-frontend/src/pages/tags/TagsPage.tsx",
    "statementMap": {},
    "fnMap": {},
    "branchMap": {},
    "s": {},
    "f": {},
    "b": {}
  },
  "/home/tomas/workspace/my-cookery-book-2-frontend/src/pages/unitCategories/UnitCategoriesPage.tsx": {
    "path": "/home/tomas/workspace/my-cookery-book-2-frontend/src/pages/unitCategories/UnitCategoriesPage.tsx",
    "statementMap": {},
    "fnMap": {},
    "branchMap": {},
    "s": {},
    "f": {},
    "b": {}
  },
  "/home/tomas/workspace/my-cookery-book-2-frontend/src/pages/unitCategories/UnitCategoryPage.tsx": {
    "path": "/home/tomas/workspace/my-cookery-book-2-frontend/src/pages/unitCategories/UnitCategoryPage.tsx",
    "statementMap": {},
    "fnMap": {},
    "branchMap": {},
    "s": {},
    "f": {},
    "b": {}
  },
  "/home/tomas/workspace/my-cookery-book-2-frontend/src/pages/unitCategories/UnitPage.tsx": {
    "path": "/home/tomas/workspace/my-cookery-book-2-frontend/src/pages/unitCategories/UnitPage.tsx",
    "statementMap": {},
    "fnMap": {},
    "branchMap": {},
    "s": {},
    "f": {},
    "b": {}
  },
  "/home/tomas/workspace/my-cookery-book-2-frontend/src/pages/users/UserPage.tsx": {
    "path": "/home/tomas/workspace/my-cookery-book-2-frontend/src/pages/users/UserPage.tsx",
    "statementMap": {},
    "fnMap": {},
    "branchMap": {},
    "s": {},
    "f": {},
    "b": {}
  },
  "/home/tomas/workspace/my-cookery-book-2-frontend/src/pages/users/UsersPage.tsx": {
    "path": "/home/tomas/workspace/my-cookery-book-2-frontend/src/pages/users/UsersPage.tsx",
    "statementMap": {},
    "fnMap": {},
    "branchMap": {},
    "s": {},
    "f": {},
    "b": {}
  },
  "/home/tomas/workspace/my-cookery-book-2-frontend/src/components/recipes/edit/AssociatedRecipes.tsx": {
    "path": "/home/tomas/workspace/my-cookery-book-2-frontend/src/components/recipes/edit/AssociatedRecipes.tsx",
    "statementMap": {},
    "fnMap": {},
    "branchMap": {},
    "s": {},
    "f": {},
    "b": {}
  },
  "/home/tomas/workspace/my-cookery-book-2-frontend/src/components/recipes/edit/Pictures.tsx": {
    "path": "/home/tomas/workspace/my-cookery-book-2-frontend/src/components/recipes/edit/Pictures.tsx",
    "statementMap": {},
    "fnMap": {},
    "branchMap": {},
    "s": {},
    "f": {},
    "b": {}
  },
  "/home/tomas/workspace/my-cookery-book-2-frontend/src/components/recipes/edit/RecipeSections.tsx": {
    "path": "/home/tomas/workspace/my-cookery-book-2-frontend/src/components/recipes/edit/RecipeSections.tsx",
    "statementMap": {},
    "fnMap": {},
    "branchMap": {},
    "s": {},
    "f": {},
    "b": {}
  },
  "/home/tomas/workspace/my-cookery-book-2-frontend/src/components/recipes/edit/Sources.tsx": {
    "path": "/home/tomas/workspace/my-cookery-book-2-frontend/src/components/recipes/edit/Sources.tsx",
    "statementMap": {},
    "fnMap": {},
    "branchMap": {},
    "s": {},
    "f": {},
    "b": {}
  },
  "/home/tomas/workspace/my-cookery-book-2-frontend/src/components/recipes/edit/Ingredients/Ingredient.tsx": {
    "path": "/home/tomas/workspace/my-cookery-book-2-frontend/src/components/recipes/edit/Ingredients/Ingredient.tsx",
    "statementMap": {},
    "fnMap": {},
    "branchMap": {},
    "s": {},
    "f": {},
    "b": {}
  },
  "/home/tomas/workspace/my-cookery-book-2-frontend/src/components/recipes/edit/Ingredients/Ingredients.tsx": {
    "path": "/home/tomas/workspace/my-cookery-book-2-frontend/src/components/recipes/edit/Ingredients/Ingredients.tsx",
    "statementMap": {},
    "fnMap": {},
    "branchMap": {},
    "s": {},
    "f": {},
    "b": {}
  }
}
